{"/Users/johnhbuckets/project_team556/src/controller/IInsightFacade.ts":{"path":"/Users/johnhbuckets/project_team556/src/controller/IInsightFacade.ts","statementMap":{"0":{"start":{"line":2,"column":0},"end":{"line":2,"column":62}},"1":{"start":{"line":3,"column":0},"end":{"line":3,"column":113}},"2":{"start":{"line":5,"column":0},"end":{"line":8,"column":89}},"3":{"start":{"line":6,"column":4},"end":{"line":6,"column":46}},"4":{"start":{"line":7,"column":4},"end":{"line":7,"column":42}},"5":{"start":{"line":11,"column":8},"end":{"line":11,"column":23}},"6":{"start":{"line":12,"column":8},"end":{"line":12,"column":52}},"7":{"start":{"line":15,"column":0},"end":{"line":15,"column":36}},"8":{"start":{"line":18,"column":8},"end":{"line":18,"column":23}},"9":{"start":{"line":19,"column":8},"end":{"line":19,"column":53}},"10":{"start":{"line":22,"column":0},"end":{"line":22,"column":38}},"11":{"start":{"line":25,"column":8},"end":{"line":25,"column":23}},"12":{"start":{"line":26,"column":8},"end":{"line":26,"column":59}},"13":{"start":{"line":29,"column":0},"end":{"line":29,"column":50}}},"fnMap":{"0":{"name":"(anonymous_0)","decl":{"start":{"line":5,"column":1},"end":{"line":5,"column":2}},"loc":{"start":{"line":5,"column":31},"end":{"line":8,"column":1}},"line":5},"1":{"name":"(anonymous_1)","decl":{"start":{"line":10,"column":4},"end":{"line":10,"column":5}},"loc":{"start":{"line":10,"column":25},"end":{"line":13,"column":5}},"line":10},"2":{"name":"(anonymous_2)","decl":{"start":{"line":17,"column":4},"end":{"line":17,"column":5}},"loc":{"start":{"line":17,"column":25},"end":{"line":20,"column":5}},"line":17},"3":{"name":"(anonymous_3)","decl":{"start":{"line":24,"column":4},"end":{"line":24,"column":5}},"loc":{"start":{"line":24,"column":25},"end":{"line":27,"column":5}},"line":24}},"branchMap":{"0":{"loc":{"start":{"line":8,"column":24},"end":{"line":8,"column":87}},"type":"binary-expr","locations":[{"start":{"line":8,"column":24},"end":{"line":8,"column":50}},{"start":{"line":8,"column":55},"end":{"line":8,"column":86}}],"line":8}},"s":{"0":1,"1":1,"2":1,"3":1,"4":1,"5":59,"6":59,"7":1,"8":3,"9":3,"10":1,"11":1,"12":1,"13":1},"f":{"0":1,"1":59,"2":3,"3":1},"b":{"0":[1,1]},"inputSourceMap":{"version":3,"file":"/Users/johnhbuckets/project_team556/src/controller/IInsightFacade.ts","sources":["/Users/johnhbuckets/project_team556/src/controller/IInsightFacade.ts"],"names":[],"mappings":";;;AAMA,IAAY,kBAGX;AAHD,WAAY,kBAAkB;IAC7B,yCAAmB,CAAA;IACnB,qCAAe,CAAA;AAChB,CAAC,EAHW,kBAAkB,GAAlB,0BAAkB,KAAlB,0BAAkB,QAG7B;AAYD,MAAa,YAAa,SAAQ,KAAK;IACtC,YAAY,OAAgB;QAC3B,KAAK,CAAC,OAAO,CAAC,CAAC;QACf,KAAK,CAAC,iBAAiB,CAAC,IAAI,EAAE,YAAY,CAAC,CAAC;IAC7C,CAAC;CACD;AALD,oCAKC;AAED,MAAa,aAAc,SAAQ,KAAK;IACvC,YAAY,OAAgB;QAC3B,KAAK,CAAC,OAAO,CAAC,CAAC;QACf,KAAK,CAAC,iBAAiB,CAAC,IAAI,EAAE,aAAa,CAAC,CAAC;IAC9C,CAAC;CACD;AALD,sCAKC;AAED,MAAa,mBAAoB,SAAQ,KAAK;IAC7C,YAAY,OAAgB;QAC3B,KAAK,CAAC,OAAO,CAAC,CAAC;QACf,KAAK,CAAC,iBAAiB,CAAC,IAAI,EAAE,mBAAmB,CAAC,CAAC;IACpD,CAAC;CACD;AALD,kDAKC","sourcesContent":["/*\n * This is the primary high-level API for the project. In this folder there should be:\n * A class called InsightFacade, this should be in a file called InsightFacade.ts.\n * You should not change this interface at all or the test suite will not work.\n */\n\nexport enum InsightDatasetKind {\n\tCourses = \"courses\",\n\tRooms = \"rooms\",\n}\n\nexport interface InsightDataset {\n\tid: string;\n\tkind: InsightDatasetKind;\n\tnumRows: number;\n}\n\nexport interface InsightResult {\n\t[key: string]: string | number;\n}\n\nexport class InsightError extends Error {\n\tconstructor(message?: string) {\n\t\tsuper(message);\n\t\tError.captureStackTrace(this, InsightError);\n\t}\n}\n\nexport class NotFoundError extends Error {\n\tconstructor(message?: string) {\n\t\tsuper(message);\n\t\tError.captureStackTrace(this, NotFoundError);\n\t}\n}\n\nexport class ResultTooLargeError extends Error {\n\tconstructor(message?: string) {\n\t\tsuper(message);\n\t\tError.captureStackTrace(this, ResultTooLargeError);\n\t}\n}\n\nexport interface IInsightFacade {\n\t/**\n\t * Add a dataset to insightUBC.\n\t *\n\t * @param id  The id of the dataset being added. Follows the format /^[^_]+$/\n\t * @param content  The base64 content of the dataset. This content should be in the form of a serialized zip file.\n\t * @param kind  The kind of the dataset\n\t *\n\t * @return Promise <string[]>\n\t *\n\t * The promise should fulfill on a successful add, reject for any failures.\n\t * The promise should fulfill with a string array,\n\t * containing the ids of all currently added datasets upon a successful add.\n\t * The promise should reject with an InsightError describing the error.\n\t *\n\t * An id is invalid if it contains an underscore, or is only whitespace characters.\n\t * If id is the same as the id of an already added dataset, the dataset should be rejected and not saved.\n\t *\n\t * After receiving the dataset, it should be processed into a data structure of\n\t * your design. The processed data structure should be persisted to disk; your\n\t * system should be able to load this persisted value into memory for answering\n\t * queries.\n\t *\n\t * Ultimately, a dataset must be added or loaded from disk before queries can\n\t * be successfully answered.\n\t */\n\taddDataset(id: string, content: string, kind: InsightDatasetKind): Promise<string[]>;\n\n\t/**\n\t * Remove a dataset from insightUBC.\n\t *\n\t * @param id  The id of the dataset to remove. Follows the format /^[^_]+$/\n\t *\n\t * @return Promise <string>\n\t *\n\t * The promise should fulfill upon a successful removal, reject on any error.\n\t * Attempting to remove a dataset that hasn't been added yet counts as an error.\n\t *\n\t * An id is invalid if it contains an underscore, or is only whitespace characters.\n\t *\n\t * The promise should fulfill the id of the dataset that was removed.\n\t * The promise should reject with a NotFoundError (if a valid id was not yet added)\n\t * or an InsightError (invalid id or any other source of failure) describing the error.\n\t *\n\t * This will delete both disk and memory caches for the dataset for the id meaning\n\t * that subsequent queries for that id should fail unless a new addDataset happens first.\n\t */\n\tremoveDataset(id: string): Promise<string>;\n\n\t/**\n\t * Perform a query on insightUBC.\n\t *\n\t * @param query  The query to be performed.\n\t *\n\t * If a query is incorrectly formatted, references a dataset not added (in memory or on disk),\n\t * or references multiple datasets, it should be rejected.\n\t *\n\t * @return Promise <InsightResult[]>\n\t *\n\t * The promise should fulfill with an array of results.\n\t * The promise should reject with a ResultTooLargeError (if the query returns too many results)\n\t * or an InsightError (for any other source of failure) describing the error.\n\t */\n\tperformQuery(query: unknown): Promise<InsightResult[]>;\n\n\t/**\n\t * List all currently added datasets, their types, and number of rows.\n\t *\n\t * @return Promise <InsightDataset[]>\n\t * The promise should fulfill an array of currently added InsightDatasets, and will only fulfill.\n\t */\n\tlistDatasets(): Promise<InsightDataset[]>;\n}\n"]},"_coverageSchema":"1a1c01bbd47fc00a2c39e90264f33305004495a9","hash":"5068810c7ab9f73abf22e63f839d7f121455a8d6","contentHash":"b6e825751f6bd63544d432ef61a3684d97279fa2696e4803157c2df952719b8a"},"/Users/johnhbuckets/project_team556/src/controller/InsightFacade.ts":{"path":"/Users/johnhbuckets/project_team556/src/controller/InsightFacade.ts","statementMap":{"0":{"start":{"line":2,"column":22},"end":{"line":8,"column":3}},"1":{"start":{"line":3,"column":4},"end":{"line":3,"column":33}},"2":{"start":{"line":3,"column":26},"end":{"line":3,"column":33}},"3":{"start":{"line":4,"column":4},"end":{"line":4,"column":89}},"4":{"start":{"line":4,"column":71},"end":{"line":4,"column":83}},"5":{"start":{"line":6,"column":4},"end":{"line":6,"column":33}},"6":{"start":{"line":6,"column":26},"end":{"line":6,"column":33}},"7":{"start":{"line":7,"column":4},"end":{"line":7,"column":17}},"8":{"start":{"line":9,"column":25},"end":{"line":13,"column":2}},"9":{"start":{"line":10,"column":4},"end":{"line":10,"column":72}},"10":{"start":{"line":12,"column":4},"end":{"line":12,"column":21}},"11":{"start":{"line":14,"column":19},"end":{"line":20,"column":1}},"12":{"start":{"line":15,"column":4},"end":{"line":15,"column":42}},"13":{"start":{"line":15,"column":31},"end":{"line":15,"column":42}},"14":{"start":{"line":16,"column":17},"end":{"line":16,"column":19}},"15":{"start":{"line":17,"column":4},"end":{"line":17,"column":141}},"16":{"start":{"line":17,"column":21},"end":{"line":17,"column":141}},"17":{"start":{"line":17,"column":40},"end":{"line":17,"column":141}},"18":{"start":{"line":17,"column":109},"end":{"line":17,"column":141}},"19":{"start":{"line":18,"column":4},"end":{"line":18,"column":36}},"20":{"start":{"line":19,"column":4},"end":{"line":19,"column":18}},"21":{"start":{"line":21,"column":22},"end":{"line":23,"column":1}},"22":{"start":{"line":22,"column":4},"end":{"line":22,"column":62}},"23":{"start":{"line":24,"column":0},"end":{"line":24,"column":62}},"24":{"start":{"line":25,"column":25},"end":{"line":25,"column":52}},"25":{"start":{"line":26,"column":16},"end":{"line":26,"column":49}},"26":{"start":{"line":27,"column":18},"end":{"line":27,"column":55}},"27":{"start":{"line":28,"column":11},"end":{"line":28,"column":38}},"28":{"start":{"line":29,"column":15},"end":{"line":29,"column":49}},"29":{"start":{"line":30,"column":17},"end":{"line":30,"column":53}},"30":{"start":{"line":31,"column":15},"end":{"line":31,"column":46}},"31":{"start":{"line":32,"column":21},"end":{"line":32,"column":61}},"32":{"start":{"line":33,"column":27},"end":{"line":33,"column":73}},"33":{"start":{"line":34,"column":16},"end":{"line":34,"column":25}},"34":{"start":{"line":35,"column":18},"end":{"line":35,"column":35}},"35":{"start":{"line":36,"column":16},"end":{"line":36,"column":31}},"36":{"start":{"line":37,"column":28},"end":{"line":37,"column":29}},"37":{"start":{"line":39,"column":4},"end":{"line":39,"column":54}},"38":{"start":{"line":43,"column":8},"end":{"line":43,"column":49}},"39":{"start":{"line":44,"column":8},"end":{"line":44,"column":34}},"40":{"start":{"line":45,"column":8},"end":{"line":47,"column":9}},"41":{"start":{"line":46,"column":12},"end":{"line":46,"column":34}},"42":{"start":{"line":48,"column":8},"end":{"line":61,"column":9}},"43":{"start":{"line":49,"column":12},"end":{"line":49,"column":36}},"44":{"start":{"line":52,"column":26},"end":{"line":52,"column":51}},"45":{"start":{"line":53,"column":12},"end":{"line":60,"column":15}},"46":{"start":{"line":54,"column":25},"end":{"line":54,"column":89}},"47":{"start":{"line":55,"column":16},"end":{"line":59,"column":17}},"48":{"start":{"line":56,"column":37},"end":{"line":56,"column":85}},"49":{"start":{"line":57,"column":34},"end":{"line":57,"column":54}},"50":{"start":{"line":58,"column":20},"end":{"line":58,"column":135}},"51":{"start":{"line":62,"column":8},"end":{"line":75,"column":9}},"52":{"start":{"line":63,"column":12},"end":{"line":63,"column":34}},"53":{"start":{"line":66,"column":26},"end":{"line":66,"column":49}},"54":{"start":{"line":67,"column":12},"end":{"line":74,"column":15}},"55":{"start":{"line":68,"column":25},"end":{"line":68,"column":89}},"56":{"start":{"line":69,"column":16},"end":{"line":73,"column":17}},"57":{"start":{"line":70,"column":37},"end":{"line":70,"column":83}},"58":{"start":{"line":71,"column":34},"end":{"line":71,"column":54}},"59":{"start":{"line":72,"column":20},"end":{"line":72,"column":133}},"60":{"start":{"line":78,"column":8},"end":{"line":80,"column":9}},"61":{"start":{"line":79,"column":12},"end":{"line":79,"column":114}},"62":{"start":{"line":81,"column":8},"end":{"line":89,"column":9}},"63":{"start":{"line":82,"column":12},"end":{"line":82,"column":54}},"64":{"start":{"line":84,"column":13},"end":{"line":89,"column":9}},"65":{"start":{"line":85,"column":12},"end":{"line":85,"column":52}},"66":{"start":{"line":88,"column":12},"end":{"line":88,"column":103}},"67":{"start":{"line":90,"column":8},"end":{"line":96,"column":11}},"68":{"start":{"line":91,"column":22},"end":{"line":91,"column":24}},"69":{"start":{"line":92,"column":12},"end":{"line":94,"column":15}},"70":{"start":{"line":93,"column":16},"end":{"line":93,"column":30}},"71":{"start":{"line":95,"column":12},"end":{"line":95,"column":25}},"72":{"start":{"line":99,"column":18},"end":{"line":99,"column":39}},"73":{"start":{"line":100,"column":8},"end":{"line":105,"column":9}},"74":{"start":{"line":101,"column":12},"end":{"line":101,"column":59}},"75":{"start":{"line":104,"column":12},"end":{"line":104,"column":112}},"76":{"start":{"line":106,"column":23},"end":{"line":106,"column":25}},"77":{"start":{"line":107,"column":8},"end":{"line":114,"column":9}},"78":{"start":{"line":108,"column":12},"end":{"line":110,"column":15}},"79":{"start":{"line":109,"column":16},"end":{"line":109,"column":52}},"80":{"start":{"line":113,"column":12},"end":{"line":113,"column":113}},"81":{"start":{"line":115,"column":26},"end":{"line":115,"column":53}},"82":{"start":{"line":116,"column":27},"end":{"line":116,"column":80}},"83":{"start":{"line":117,"column":8},"end":{"line":119,"column":9}},"84":{"start":{"line":118,"column":12},"end":{"line":118,"column":129}},"85":{"start":{"line":120,"column":8},"end":{"line":120,"column":133}},"86":{"start":{"line":121,"column":8},"end":{"line":121,"column":81}},"87":{"start":{"line":124,"column":19},"end":{"line":124,"column":40}},"88":{"start":{"line":125,"column":8},"end":{"line":130,"column":9}},"89":{"start":{"line":126,"column":12},"end":{"line":126,"column":60}},"90":{"start":{"line":129,"column":12},"end":{"line":129,"column":112}},"91":{"start":{"line":131,"column":20},"end":{"line":131,"column":42}},"92":{"start":{"line":132,"column":8},"end":{"line":134,"column":9}},"93":{"start":{"line":133,"column":12},"end":{"line":133,"column":135}},"94":{"start":{"line":136,"column":23},"end":{"line":136,"column":51}},"95":{"start":{"line":137,"column":8},"end":{"line":145,"column":9}},"96":{"start":{"line":138,"column":12},"end":{"line":141,"column":13}},"97":{"start":{"line":139,"column":35},"end":{"line":139,"column":65}},"98":{"start":{"line":140,"column":16},"end":{"line":140,"column":52}},"99":{"start":{"line":144,"column":12},"end":{"line":144,"column":113}},"100":{"start":{"line":146,"column":24},"end":{"line":146,"column":83}},"101":{"start":{"line":147,"column":8},"end":{"line":149,"column":9}},"102":{"start":{"line":148,"column":12},"end":{"line":148,"column":132}},"103":{"start":{"line":150,"column":8},"end":{"line":150,"column":125}},"104":{"start":{"line":151,"column":8},"end":{"line":151,"column":76}},"105":{"start":{"line":154,"column":8},"end":{"line":167,"column":11}},"106":{"start":{"line":155,"column":12},"end":{"line":166,"column":13}},"107":{"start":{"line":156,"column":27},"end":{"line":156,"column":48}},"108":{"start":{"line":157,"column":16},"end":{"line":157,"column":52}},"109":{"start":{"line":158,"column":16},"end":{"line":158,"column":41}},"110":{"start":{"line":159,"column":16},"end":{"line":159,"column":28}},"111":{"start":{"line":161,"column":17},"end":{"line":166,"column":13}},"112":{"start":{"line":162,"column":16},"end":{"line":162,"column":72}},"113":{"start":{"line":165,"column":16},"end":{"line":165,"column":75}},"114":{"start":{"line":170,"column":8},"end":{"line":183,"column":9}},"115":{"start":{"line":171,"column":12},"end":{"line":175,"column":15}},"116":{"start":{"line":172,"column":16},"end":{"line":174,"column":17}},"117":{"start":{"line":173,"column":20},"end":{"line":173,"column":105}},"118":{"start":{"line":178,"column":12},"end":{"line":182,"column":15}},"119":{"start":{"line":179,"column":16},"end":{"line":181,"column":17}},"120":{"start":{"line":180,"column":20},"end":{"line":180,"column":105}},"121":{"start":{"line":186,"column":26},"end":{"line":186,"column":51}},"122":{"start":{"line":187,"column":24},"end":{"line":187,"column":26}},"123":{"start":{"line":189,"column":8},"end":{"line":207,"column":9}},"124":{"start":{"line":190,"column":12},"end":{"line":192,"column":13}},"125":{"start":{"line":191,"column":16},"end":{"line":191,"column":88}},"126":{"start":{"line":193,"column":12},"end":{"line":198,"column":13}},"127":{"start":{"line":194,"column":16},"end":{"line":194,"column":71}},"128":{"start":{"line":197,"column":16},"end":{"line":197,"column":99}},"129":{"start":{"line":199,"column":28},"end":{"line":199,"column":55}},"130":{"start":{"line":200,"column":12},"end":{"line":200,"column":64}},"131":{"start":{"line":201,"column":12},"end":{"line":203,"column":13}},"132":{"start":{"line":202,"column":16},"end":{"line":202,"column":104}},"133":{"start":{"line":206,"column":12},"end":{"line":206,"column":41}},"134":{"start":{"line":208,"column":8},"end":{"line":208,"column":42}},"135":{"start":{"line":211,"column":25},"end":{"line":211,"column":27}},"136":{"start":{"line":212,"column":8},"end":{"line":221,"column":11}},"137":{"start":{"line":213,"column":23},"end":{"line":213,"column":38}},"138":{"start":{"line":214,"column":23},"end":{"line":214,"column":38}},"139":{"start":{"line":215,"column":30},"end":{"line":219,"column":13}},"140":{"start":{"line":220,"column":12},"end":{"line":220,"column":39}},"141":{"start":{"line":222,"column":8},"end":{"line":224,"column":11}},"142":{"start":{"line":223,"column":12},"end":{"line":223,"column":32}},"143":{"start":{"line":227,"column":0},"end":{"line":227,"column":32}}},"fnMap":{"0":{"name":"(anonymous_0)","decl":{"start":{"line":2,"column":74},"end":{"line":2,"column":75}},"loc":{"start":{"line":2,"column":96},"end":{"line":5,"column":1}},"line":2},"1":{"name":"(anonymous_1)","decl":{"start":{"line":4,"column":58},"end":{"line":4,"column":59}},"loc":{"start":{"line":4,"column":69},"end":{"line":4,"column":85}},"line":4},"2":{"name":"(anonymous_2)","decl":{"start":{"line":5,"column":6},"end":{"line":5,"column":7}},"loc":{"start":{"line":5,"column":28},"end":{"line":8,"column":1}},"line":5},"3":{"name":"(anonymous_3)","decl":{"start":{"line":9,"column":80},"end":{"line":9,"column":81}},"loc":{"start":{"line":9,"column":95},"end":{"line":11,"column":1}},"line":9},"4":{"name":"(anonymous_4)","decl":{"start":{"line":11,"column":5},"end":{"line":11,"column":6}},"loc":{"start":{"line":11,"column":20},"end":{"line":13,"column":1}},"line":11},"5":{"name":"(anonymous_5)","decl":{"start":{"line":14,"column":50},"end":{"line":14,"column":51}},"loc":{"start":{"line":14,"column":65},"end":{"line":20,"column":1}},"line":14},"6":{"name":"(anonymous_6)","decl":{"start":{"line":21,"column":56},"end":{"line":21,"column":57}},"loc":{"start":{"line":21,"column":71},"end":{"line":23,"column":1}},"line":21},"7":{"name":"isOnlyWhiteSpace","decl":{"start":{"line":38,"column":9},"end":{"line":38,"column":25}},"loc":{"start":{"line":38,"column":31},"end":{"line":40,"column":1}},"line":38},"8":{"name":"(anonymous_8)","decl":{"start":{"line":42,"column":4},"end":{"line":42,"column":5}},"loc":{"start":{"line":42,"column":18},"end":{"line":76,"column":5}},"line":42},"9":{"name":"(anonymous_9)","decl":{"start":{"line":53,"column":26},"end":{"line":53,"column":27}},"loc":{"start":{"line":53,"column":42},"end":{"line":60,"column":13}},"line":53},"10":{"name":"(anonymous_10)","decl":{"start":{"line":67,"column":26},"end":{"line":67,"column":27}},"loc":{"start":{"line":67,"column":42},"end":{"line":74,"column":13}},"line":67},"11":{"name":"(anonymous_11)","decl":{"start":{"line":77,"column":4},"end":{"line":77,"column":5}},"loc":{"start":{"line":77,"column":40},"end":{"line":97,"column":5}},"line":77},"12":{"name":"(anonymous_12)","decl":{"start":{"line":90,"column":27},"end":{"line":90,"column":28}},"loc":{"start":{"line":90,"column":40},"end":{"line":96,"column":9}},"line":90},"13":{"name":"(anonymous_13)","decl":{"start":{"line":92,"column":34},"end":{"line":92,"column":35}},"loc":{"start":{"line":92,"column":50},"end":{"line":94,"column":13}},"line":92},"14":{"name":"(anonymous_14)","decl":{"start":{"line":98,"column":4},"end":{"line":98,"column":5}},"loc":{"start":{"line":98,"column":41},"end":{"line":122,"column":5}},"line":98},"15":{"name":"(anonymous_15)","decl":{"start":{"line":108,"column":43},"end":{"line":108,"column":44}},"loc":{"start":{"line":108,"column":73},"end":{"line":110,"column":13}},"line":108},"16":{"name":"(anonymous_16)","decl":{"start":{"line":123,"column":4},"end":{"line":123,"column":5}},"loc":{"start":{"line":123,"column":39},"end":{"line":152,"column":5}},"line":123},"17":{"name":"(anonymous_17)","decl":{"start":{"line":153,"column":4},"end":{"line":153,"column":5}},"loc":{"start":{"line":153,"column":22},"end":{"line":168,"column":5}},"line":153},"18":{"name":"(anonymous_18)","decl":{"start":{"line":154,"column":27},"end":{"line":154,"column":28}},"loc":{"start":{"line":154,"column":48},"end":{"line":167,"column":9}},"line":154},"19":{"name":"(anonymous_19)","decl":{"start":{"line":169,"column":4},"end":{"line":169,"column":5}},"loc":{"start":{"line":169,"column":25},"end":{"line":184,"column":5}},"line":169},"20":{"name":"(anonymous_20)","decl":{"start":{"line":171,"column":48},"end":{"line":171,"column":49}},"loc":{"start":{"line":171,"column":57},"end":{"line":175,"column":13}},"line":171},"21":{"name":"(anonymous_21)","decl":{"start":{"line":178,"column":46},"end":{"line":178,"column":47}},"loc":{"start":{"line":178,"column":55},"end":{"line":182,"column":13}},"line":178},"22":{"name":"(anonymous_22)","decl":{"start":{"line":185,"column":4},"end":{"line":185,"column":5}},"loc":{"start":{"line":185,"column":24},"end":{"line":209,"column":5}},"line":185},"23":{"name":"(anonymous_23)","decl":{"start":{"line":210,"column":4},"end":{"line":210,"column":5}},"loc":{"start":{"line":210,"column":19},"end":{"line":225,"column":5}},"line":210},"24":{"name":"(anonymous_24)","decl":{"start":{"line":212,"column":30},"end":{"line":212,"column":31}},"loc":{"start":{"line":212,"column":46},"end":{"line":221,"column":9}},"line":212},"25":{"name":"(anonymous_25)","decl":{"start":{"line":222,"column":27},"end":{"line":222,"column":28}},"loc":{"start":{"line":222,"column":40},"end":{"line":224,"column":9}},"line":222}},"branchMap":{"0":{"loc":{"start":{"line":2,"column":22},"end":{"line":8,"column":3}},"type":"binary-expr","locations":[{"start":{"line":2,"column":23},"end":{"line":2,"column":27}},{"start":{"line":2,"column":31},"end":{"line":2,"column":51}},{"start":{"line":2,"column":57},"end":{"line":8,"column":2}}],"line":2},"1":{"loc":{"start":{"line":2,"column":57},"end":{"line":8,"column":2}},"type":"cond-expr","locations":[{"start":{"line":2,"column":74},"end":{"line":5,"column":1}},{"start":{"line":5,"column":6},"end":{"line":8,"column":1}}],"line":2},"2":{"loc":{"start":{"line":3,"column":4},"end":{"line":3,"column":33}},"type":"if","locations":[{"start":{"line":3,"column":4},"end":{"line":3,"column":33}},{"start":{"line":3,"column":4},"end":{"line":3,"column":33}}],"line":3},"3":{"loc":{"start":{"line":6,"column":4},"end":{"line":6,"column":33}},"type":"if","locations":[{"start":{"line":6,"column":4},"end":{"line":6,"column":33}},{"start":{"line":6,"column":4},"end":{"line":6,"column":33}}],"line":6},"4":{"loc":{"start":{"line":9,"column":25},"end":{"line":13,"column":2}},"type":"binary-expr","locations":[{"start":{"line":9,"column":26},"end":{"line":9,"column":30}},{"start":{"line":9,"column":34},"end":{"line":9,"column":57}},{"start":{"line":9,"column":63},"end":{"line":13,"column":1}}],"line":9},"5":{"loc":{"start":{"line":9,"column":63},"end":{"line":13,"column":1}},"type":"cond-expr","locations":[{"start":{"line":9,"column":80},"end":{"line":11,"column":1}},{"start":{"line":11,"column":5},"end":{"line":13,"column":1}}],"line":9},"6":{"loc":{"start":{"line":14,"column":19},"end":{"line":20,"column":1}},"type":"binary-expr","locations":[{"start":{"line":14,"column":20},"end":{"line":14,"column":24}},{"start":{"line":14,"column":28},"end":{"line":14,"column":45}},{"start":{"line":14,"column":50},"end":{"line":20,"column":1}}],"line":14},"7":{"loc":{"start":{"line":15,"column":4},"end":{"line":15,"column":42}},"type":"if","locations":[{"start":{"line":15,"column":4},"end":{"line":15,"column":42}},{"start":{"line":15,"column":4},"end":{"line":15,"column":42}}],"line":15},"8":{"loc":{"start":{"line":15,"column":8},"end":{"line":15,"column":29}},"type":"binary-expr","locations":[{"start":{"line":15,"column":8},"end":{"line":15,"column":11}},{"start":{"line":15,"column":15},"end":{"line":15,"column":29}}],"line":15},"9":{"loc":{"start":{"line":17,"column":4},"end":{"line":17,"column":141}},"type":"if","locations":[{"start":{"line":17,"column":4},"end":{"line":17,"column":141}},{"start":{"line":17,"column":4},"end":{"line":17,"column":141}}],"line":17},"10":{"loc":{"start":{"line":17,"column":40},"end":{"line":17,"column":141}},"type":"if","locations":[{"start":{"line":17,"column":40},"end":{"line":17,"column":141}},{"start":{"line":17,"column":40},"end":{"line":17,"column":141}}],"line":17},"11":{"loc":{"start":{"line":17,"column":44},"end":{"line":17,"column":107}},"type":"binary-expr","locations":[{"start":{"line":17,"column":44},"end":{"line":17,"column":59}},{"start":{"line":17,"column":63},"end":{"line":17,"column":107}}],"line":17},"12":{"loc":{"start":{"line":21,"column":22},"end":{"line":23,"column":1}},"type":"binary-expr","locations":[{"start":{"line":21,"column":23},"end":{"line":21,"column":27}},{"start":{"line":21,"column":31},"end":{"line":21,"column":51}},{"start":{"line":21,"column":56},"end":{"line":23,"column":1}}],"line":21},"13":{"loc":{"start":{"line":22,"column":11},"end":{"line":22,"column":61}},"type":"cond-expr","locations":[{"start":{"line":22,"column":37},"end":{"line":22,"column":40}},{"start":{"line":22,"column":43},"end":{"line":22,"column":61}}],"line":22},"14":{"loc":{"start":{"line":22,"column":12},"end":{"line":22,"column":33}},"type":"binary-expr","locations":[{"start":{"line":22,"column":12},"end":{"line":22,"column":15}},{"start":{"line":22,"column":19},"end":{"line":22,"column":33}}],"line":22},"15":{"loc":{"start":{"line":39,"column":11},"end":{"line":39,"column":53}},"type":"binary-expr","locations":[{"start":{"line":39,"column":11},"end":{"line":39,"column":22}},{"start":{"line":39,"column":26},"end":{"line":39,"column":53}}],"line":39},"16":{"loc":{"start":{"line":45,"column":8},"end":{"line":47,"column":9}},"type":"if","locations":[{"start":{"line":45,"column":8},"end":{"line":47,"column":9}},{"start":{"line":45,"column":8},"end":{"line":47,"column":9}}],"line":45},"17":{"loc":{"start":{"line":48,"column":8},"end":{"line":61,"column":9}},"type":"if","locations":[{"start":{"line":48,"column":8},"end":{"line":61,"column":9}},{"start":{"line":48,"column":8},"end":{"line":61,"column":9}}],"line":48},"18":{"loc":{"start":{"line":55,"column":16},"end":{"line":59,"column":17}},"type":"if","locations":[{"start":{"line":55,"column":16},"end":{"line":59,"column":17}},{"start":{"line":55,"column":16},"end":{"line":59,"column":17}}],"line":55},"19":{"loc":{"start":{"line":62,"column":8},"end":{"line":75,"column":9}},"type":"if","locations":[{"start":{"line":62,"column":8},"end":{"line":75,"column":9}},{"start":{"line":62,"column":8},"end":{"line":75,"column":9}}],"line":62},"20":{"loc":{"start":{"line":69,"column":16},"end":{"line":73,"column":17}},"type":"if","locations":[{"start":{"line":69,"column":16},"end":{"line":73,"column":17}},{"start":{"line":69,"column":16},"end":{"line":73,"column":17}}],"line":69},"21":{"loc":{"start":{"line":78,"column":8},"end":{"line":80,"column":9}},"type":"if","locations":[{"start":{"line":78,"column":8},"end":{"line":80,"column":9}},{"start":{"line":78,"column":8},"end":{"line":80,"column":9}}],"line":78},"22":{"loc":{"start":{"line":78,"column":12},"end":{"line":78,"column":77}},"type":"binary-expr","locations":[{"start":{"line":78,"column":12},"end":{"line":78,"column":33}},{"start":{"line":78,"column":37},"end":{"line":78,"column":53}},{"start":{"line":78,"column":57},"end":{"line":78,"column":77}}],"line":78},"23":{"loc":{"start":{"line":81,"column":8},"end":{"line":89,"column":9}},"type":"if","locations":[{"start":{"line":81,"column":8},"end":{"line":89,"column":9}},{"start":{"line":81,"column":8},"end":{"line":89,"column":9}}],"line":81},"24":{"loc":{"start":{"line":84,"column":13},"end":{"line":89,"column":9}},"type":"if","locations":[{"start":{"line":84,"column":13},"end":{"line":89,"column":9}},{"start":{"line":84,"column":13},"end":{"line":89,"column":9}}],"line":84},"25":{"loc":{"start":{"line":107,"column":8},"end":{"line":114,"column":9}},"type":"if","locations":[{"start":{"line":107,"column":8},"end":{"line":114,"column":9}},{"start":{"line":107,"column":8},"end":{"line":114,"column":9}}],"line":107},"26":{"loc":{"start":{"line":117,"column":8},"end":{"line":119,"column":9}},"type":"if","locations":[{"start":{"line":117,"column":8},"end":{"line":119,"column":9}},{"start":{"line":117,"column":8},"end":{"line":119,"column":9}}],"line":117},"27":{"loc":{"start":{"line":132,"column":8},"end":{"line":134,"column":9}},"type":"if","locations":[{"start":{"line":132,"column":8},"end":{"line":134,"column":9}},{"start":{"line":132,"column":8},"end":{"line":134,"column":9}}],"line":132},"28":{"loc":{"start":{"line":138,"column":12},"end":{"line":141,"column":13}},"type":"if","locations":[{"start":{"line":138,"column":12},"end":{"line":141,"column":13}},{"start":{"line":138,"column":12},"end":{"line":141,"column":13}}],"line":138},"29":{"loc":{"start":{"line":147,"column":8},"end":{"line":149,"column":9}},"type":"if","locations":[{"start":{"line":147,"column":8},"end":{"line":149,"column":9}},{"start":{"line":147,"column":8},"end":{"line":149,"column":9}}],"line":147},"30":{"loc":{"start":{"line":155,"column":12},"end":{"line":166,"column":13}},"type":"if","locations":[{"start":{"line":155,"column":12},"end":{"line":166,"column":13}},{"start":{"line":155,"column":12},"end":{"line":166,"column":13}}],"line":155},"31":{"loc":{"start":{"line":161,"column":17},"end":{"line":166,"column":13}},"type":"if","locations":[{"start":{"line":161,"column":17},"end":{"line":166,"column":13}},{"start":{"line":161,"column":17},"end":{"line":166,"column":13}}],"line":161},"32":{"loc":{"start":{"line":161,"column":21},"end":{"line":161,"column":61}},"type":"binary-expr","locations":[{"start":{"line":161,"column":21},"end":{"line":161,"column":41}},{"start":{"line":161,"column":45},"end":{"line":161,"column":61}}],"line":161},"33":{"loc":{"start":{"line":170,"column":8},"end":{"line":183,"column":9}},"type":"if","locations":[{"start":{"line":170,"column":8},"end":{"line":183,"column":9}},{"start":{"line":170,"column":8},"end":{"line":183,"column":9}}],"line":170},"34":{"loc":{"start":{"line":172,"column":16},"end":{"line":174,"column":17}},"type":"if","locations":[{"start":{"line":172,"column":16},"end":{"line":174,"column":17}},{"start":{"line":172,"column":16},"end":{"line":174,"column":17}}],"line":172},"35":{"loc":{"start":{"line":179,"column":16},"end":{"line":181,"column":17}},"type":"if","locations":[{"start":{"line":179,"column":16},"end":{"line":181,"column":17}},{"start":{"line":179,"column":16},"end":{"line":181,"column":17}}],"line":179},"36":{"loc":{"start":{"line":190,"column":12},"end":{"line":192,"column":13}},"type":"if","locations":[{"start":{"line":190,"column":12},"end":{"line":192,"column":13}},{"start":{"line":190,"column":12},"end":{"line":192,"column":13}}],"line":190},"37":{"loc":{"start":{"line":193,"column":12},"end":{"line":198,"column":13}},"type":"if","locations":[{"start":{"line":193,"column":12},"end":{"line":198,"column":13}},{"start":{"line":193,"column":12},"end":{"line":198,"column":13}}],"line":193},"38":{"loc":{"start":{"line":201,"column":12},"end":{"line":203,"column":13}},"type":"if","locations":[{"start":{"line":201,"column":12},"end":{"line":203,"column":13}},{"start":{"line":201,"column":12},"end":{"line":203,"column":13}}],"line":201}},"s":{"0":1,"1":104,"2":104,"3":104,"4":291,"5":0,"6":0,"7":0,"8":1,"9":2,"10":0,"11":1,"12":2,"13":0,"14":2,"15":2,"16":2,"17":104,"18":104,"19":2,"20":2,"21":1,"22":6,"23":1,"24":1,"25":1,"26":1,"27":1,"28":1,"29":1,"30":1,"31":1,"32":1,"33":1,"34":1,"35":1,"36":1,"37":56,"38":40,"39":40,"40":40,"41":39,"42":40,"43":39,"44":1,"45":1,"46":2,"47":2,"48":2,"49":2,"50":2,"51":40,"52":39,"53":1,"54":1,"55":0,"56":0,"57":0,"58":0,"59":0,"60":56,"61":9,"62":47,"63":40,"64":7,"65":7,"66":0,"67":37,"68":37,"69":37,"70":56,"71":37,"72":40,"73":40,"74":40,"75":1,"76":39,"77":39,"78":38,"79":118979,"80":1,"81":38,"82":38,"83":38,"84":4,"85":34,"86":34,"87":7,"88":7,"89":7,"90":0,"91":7,"92":7,"93":1,"94":6,"95":6,"96":6,"97":6,"98":6,"99":0,"100":6,"101":6,"102":3,"103":3,"104":3,"105":14,"106":14,"107":7,"108":7,"109":7,"110":7,"111":7,"112":4,"113":3,"114":7,"115":6,"116":6,"117":0,"118":1,"119":1,"120":0,"121":52,"122":52,"123":52,"124":52,"125":31,"126":21,"127":21,"128":0,"129":21,"130":21,"131":21,"132":1,"133":0,"134":20,"135":36,"136":36,"137":33,"138":33,"139":33,"140":33,"141":36,"142":36,"143":1},"f":{"0":104,"1":291,"2":0,"3":2,"4":0,"5":2,"6":6,"7":56,"8":40,"9":2,"10":0,"11":56,"12":37,"13":56,"14":40,"15":118979,"16":7,"17":14,"18":14,"19":7,"20":6,"21":1,"22":52,"23":36,"24":33,"25":36},"b":{"0":[1,1,1],"1":[1,0],"2":[104,0],"3":[0,0],"4":[1,1,1],"5":[1,0],"6":[1,1,1],"7":[0,2],"8":[2,2],"9":[2,0],"10":[104,0],"11":[104,104],"12":[1,1,1],"13":[5,1],"14":[6,6],"15":[56,56],"16":[39,1],"17":[39,1],"18":[2,0],"19":[39,1],"20":[0,0],"21":[9,47],"22":[56,51,49],"23":[40,7],"24":[7,0],"25":[38,1],"26":[4,34],"27":[1,6],"28":[6,0],"29":[3,3],"30":[7,7],"31":[4,3],"32":[7,5],"33":[6,1],"34":[0,6],"35":[0,1],"36":[31,21],"37":[21,0],"38":[1,20]},"inputSourceMap":{"version":3,"file":"/Users/johnhbuckets/project_team556/src/controller/InsightFacade.ts","sources":["/Users/johnhbuckets/project_team556/src/controller/InsightFacade.ts"],"names":[],"mappings":";;;;;;;;;;;;;;;;;;;;;;;;AAAA,qDAQ0B;AAC1B,kDAAyC;AACzC,wDAAgC;AAEhC,uCAAyB;AACzB,kDAA0B;AAC1B,sDAA8B;AAC9B,+CAAiC;AAGjC,8DAAsC;AACtC,0EAAkD;AAElD,MAAM,OAAO,GAAG,SAAS,CAAC;AAC1B,MAAM,SAAS,GAAG,iBAAiB,CAAC;AACpC,MAAM,OAAO,GAAG,eAAe,CAAC;AAChC,MAAM,mBAAmB,GAAG,CAAC,CAAC;AAQ9B,SAAS,gBAAgB,CAAC,GAAW;IACpC,OAAO,GAAG,IAAI,IAAI,IAAI,GAAG,CAAC,KAAK,CAAC,OAAO,CAAC,KAAK,IAAI,CAAC;AACnD,CAAC;AAED,MAAqB,aAAa;IAGjC;QACC,OAAO,CAAC,GAAG,CAAC,2BAA2B,CAAC,CAAC;QACzC,IAAI,CAAC,QAAQ,GAAG,IAAI,GAAG,EAAmB,CAAC;QAE3C,IAAI,CAAC,EAAE,CAAC,UAAU,CAAC,OAAO,CAAC,EAAE;YAC5B,EAAE,CAAC,SAAS,CAAC,OAAO,CAAC,CAAC;SACtB;QACD,IAAI,CAAC,EAAE,CAAC,UAAU,CAAC,SAAS,CAAC,EAAE;YAC9B,EAAE,CAAC,SAAS,CAAC,SAAS,CAAC,CAAC;SACxB;aAAM;YACN,MAAM,KAAK,GAAa,EAAE,CAAC,WAAW,CAAC,SAAS,CAAC,CAAC;YAClD,KAAK,CAAC,OAAO,CAAC,CAAC,UAAU,EAAE,EAAE;gBAC5B,IAAI,EAAE,GAAG,UAAU,CAAC,SAAS,CAAC,CAAC,EAAE,UAAU,CAAC,MAAM,GAAG,mBAAmB,CAAC,CAAC;gBAC1E,IAAI,CAAC,IAAI,CAAC,QAAQ,CAAC,GAAG,CAAC,EAAE,CAAC,EAAE;oBAC3B,MAAM,QAAQ,GAAG,EAAE,CAAC,YAAY,CAAC,SAAS,GAAG,UAAU,EAAE,OAAO,CAAC,CAAC;oBAClE,IAAI,OAAO,GAAW,IAAI,CAAC,KAAK,CAAC,QAAQ,CAAC,CAAC;oBAC3C,IAAI,CAAC,QAAQ,CAAC,GAAG,CAAC,EAAE,EAAE,IAAI,iBAAO,CAAC,OAAO,EAAE,OAAO,CAAC,MAAM,EAAE,mCAAkB,CAAC,OAAO,CAAC,CAAC,CAAC;iBACxF;YACF,CAAC,CAAC,CAAC;SACH;QACD,IAAI,CAAC,EAAE,CAAC,UAAU,CAAC,OAAO,CAAC,EAAE;YAC5B,EAAE,CAAC,SAAS,CAAC,OAAO,CAAC,CAAC;SACtB;aAAM;YACN,MAAM,KAAK,GAAa,EAAE,CAAC,WAAW,CAAC,OAAO,CAAC,CAAC;YAChD,KAAK,CAAC,OAAO,CAAC,CAAC,UAAU,EAAE,EAAE;gBAC5B,IAAI,EAAE,GAAG,UAAU,CAAC,SAAS,CAAC,CAAC,EAAE,UAAU,CAAC,MAAM,GAAG,mBAAmB,CAAC,CAAC;gBAC1E,IAAI,CAAC,IAAI,CAAC,QAAQ,CAAC,GAAG,CAAC,EAAE,CAAC,EAAE;oBAC3B,MAAM,QAAQ,GAAG,EAAE,CAAC,YAAY,CAAC,OAAO,GAAG,UAAU,EAAE,OAAO,CAAC,CAAC;oBAChE,IAAI,OAAO,GAAW,IAAI,CAAC,KAAK,CAAC,QAAQ,CAAC,CAAC;oBAC3C,IAAI,CAAC,QAAQ,CAAC,GAAG,CAAC,EAAE,EAAE,IAAI,iBAAO,CAAC,OAAO,EAAE,OAAO,CAAC,MAAM,EAAE,mCAAkB,CAAC,KAAK,CAAC,CAAC,CAAC;iBACtF;YACF,CAAC,CAAC,CAAC;SACH;IACF,CAAC;IAEM,KAAK,CAAC,UAAU,CAAC,EAAU,EAAE,OAAe,EAAE,IAAwB;QAC5E,IAAI,IAAI,CAAC,QAAQ,CAAC,GAAG,CAAC,EAAE,CAAC,IAAI,EAAE,CAAC,QAAQ,CAAC,GAAG,CAAC,IAAI,gBAAgB,CAAC,EAAE,CAAC,EAAE;YACtE,OAAO,OAAO,CAAC,MAAM,CAAC,IAAI,6BAAY,CAAC,2CAA2C,CAAC,CAAC,CAAC;SACrF;QACD,IAAI,IAAI,KAAK,mCAAkB,CAAC,OAAO,EAAE;YACxC,MAAM,IAAI,CAAC,iBAAiB,CAAC,EAAE,EAAE,OAAO,CAAC,CAAC;SAC1C;aAAM,IAAI,IAAI,KAAK,mCAAkB,CAAC,KAAK,EAAE;YAC7C,MAAM,IAAI,CAAC,eAAe,CAAC,EAAE,EAAE,OAAO,CAAC,CAAC;SACxC;aAAM;YACN,OAAO,OAAO,CAAC,MAAM,CAAC,IAAI,6BAAY,CAAC,gCAAgC,CAAC,CAAC,CAAC;SAC1E;QACD,OAAO,IAAI,OAAO,CAAC,CAAC,OAAO,EAAE,EAAE;YAC9B,IAAI,GAAG,GAAa,EAAE,CAAC;YACvB,IAAI,CAAC,QAAQ,CAAC,OAAO,CAAC,CAAC,KAAK,EAAE,GAAG,EAAE,EAAE;gBACpC,GAAG,CAAC,IAAI,CAAC,GAAG,CAAC,CAAC;YACf,CAAC,CAAC,CAAC;YACH,OAAO,CAAC,GAAG,CAAC,CAAC;QACd,CAAC,CAAC,CAAC;IACJ,CAAC;IAEO,KAAK,CAAC,iBAAiB,CAAC,EAAU,EAAE,OAAe;QAC1D,IAAI,GAAG,GAAG,IAAI,eAAK,EAAE,CAAC;QACtB,IAAI;YACH,MAAM,GAAG,CAAC,SAAS,CAAC,OAAO,EAAE,EAAC,MAAM,EAAE,IAAI,EAAC,CAAC,CAAC;SAC7C;QAAC,MAAM;YACP,OAAO,OAAO,CAAC,MAAM,CAAC,IAAI,6BAAY,CAAC,yCAAyC,CAAC,CAAC,CAAC;SACnF;QAED,IAAI,QAAQ,GAA2B,EAAE,CAAC;QAC1C,IAAI,GAAG,CAAC,MAAM,CAAC,SAAS,CAAC,CAAC,MAAM,KAAK,CAAC,EAAE;YACvC,GAAG,CAAC,MAAM,CAAC,SAAS,CAAC,EAAE,OAAO,CAAC,UAAU,YAAY,EAAE,IAAI;gBAC1D,QAAQ,CAAC,IAAI,CAAC,IAAI,CAAC,KAAK,CAAC,QAAQ,CAAC,CAAC,CAAC;YACrC,CAAC,CAAC,CAAC;SACH;aAAM;YACN,OAAO,OAAO,CAAC,MAAM,CAAC,IAAI,6BAAY,CAAC,0CAA0C,CAAC,CAAC,CAAC;SACpF;QACD,MAAM,SAAS,GAAG,MAAM,OAAO,CAAC,GAAG,CAAC,QAAQ,CAAC,CAAC;QAC9C,IAAI,YAAY,GAAc,0BAAgB,CAAC,eAAe,CAAC,SAAS,CAAC,CAAC;QAE1E,IAAI,YAAY,CAAC,MAAM,IAAI,CAAC,EAAE;YAC7B,OAAO,OAAO,CAAC,MAAM,CAAC,IAAI,6BAAY,CAAC,0DAA0D,CAAC,CAAC,CAAC;SACpG;QACD,IAAI,CAAC,QAAQ,CAAC,GAAG,CAAC,EAAE,EAAE,IAAI,iBAAO,CAAC,YAAY,EAAE,YAAY,CAAC,MAAM,EAAE,mCAAkB,CAAC,OAAO,CAAC,CAAC,CAAC;QAElG,EAAE,CAAC,aAAa,CAAC,SAAS,GAAG,EAAE,GAAG,OAAO,EAAE,IAAI,CAAC,SAAS,CAAC,YAAY,CAAC,CAAC,CAAC;IAC1E,CAAC;IAEO,KAAK,CAAC,eAAe,CAAC,EAAU,EAAE,OAAe;QACxD,IAAI,IAAI,GAAG,IAAI,eAAK,EAAE,CAAC;QACvB,IAAI;YACH,MAAM,IAAI,CAAC,SAAS,CAAC,OAAO,EAAE,EAAC,MAAM,EAAE,IAAI,EAAC,CAAC,CAAC;SAC9C;QAAC,MAAM;YACP,OAAO,OAAO,CAAC,MAAM,CAAC,IAAI,6BAAY,CAAC,yCAAyC,CAAC,CAAC,CAAC;SACnF;QAED,IAAI,KAAK,GAAkB,IAAI,CAAC,IAAI,CAAC,WAAW,CAAC,CAAC;QAClD,IAAI,KAAK,CAAC,MAAM,IAAI,CAAC,EAAE;YACtB,OAAO,OAAO,CAAC,MAAM,CAAC,IAAI,6BAAY,CAAC,gEAAgE,CAAC,CAAC,CAAC;SAC1G;QAED,IAAI,QAAQ,CAAC;QACb,IAAI,QAAQ,GAAG,IAAI,CAAC,IAAI,CAAC,iBAAiB,CAAC,CAAC;QAC5C,IAAI;YACH,IAAI,QAAQ,KAAK,IAAI,EAAE;gBACtB,MAAM,UAAU,GAAG,MAAM,QAAQ,CAAC,KAAK,CAAC,QAAQ,CAAC,CAAC;gBAClD,QAAQ,GAAG,MAAM,CAAC,KAAK,CAAC,UAAU,CAAC,CAAC;aACpC;SACD;QAAC,MAAM;YACP,OAAO,OAAO,CAAC,MAAM,CAAC,IAAI,6BAAY,CAAC,0CAA0C,CAAC,CAAC,CAAC;SACpF;QAED,IAAI,SAAS,GAAW,MAAM,oBAAU,CAAC,gBAAgB,CAAC,QAAQ,EAAE,IAAI,CAAC,CAAC;QAC1E,IAAI,SAAS,CAAC,MAAM,IAAI,CAAC,EAAE;YAC1B,OAAO,OAAO,CAAC,MAAM,CAAC,IAAI,6BAAY,CAAC,6DAA6D,CAAC,CAAC,CAAC;SACvG;QACD,IAAI,CAAC,QAAQ,CAAC,GAAG,CAAC,EAAE,EAAE,IAAI,iBAAO,CAAC,SAAS,EAAE,SAAS,CAAC,MAAM,EAAE,mCAAkB,CAAC,KAAK,CAAC,CAAC,CAAC;QAE1F,EAAE,CAAC,aAAa,CAAC,OAAO,GAAG,EAAE,GAAG,OAAO,EAAE,IAAI,CAAC,SAAS,CAAC,SAAS,CAAC,CAAC,CAAC;IACrE,CAAC;IAEM,aAAa,CAAC,EAAU;QAC9B,OAAO,IAAI,OAAO,CAAC,CAAC,OAAO,EAAE,MAAM,EAAE,EAAE;YACtC,IAAI,IAAI,CAAC,QAAQ,CAAC,GAAG,CAAC,EAAE,CAAC,EAAE;gBAC1B,IAAI,IAAI,GAAQ,IAAI,CAAC,QAAQ,CAAC,GAAG,CAAC,EAAE,CAAC,CAAC;gBACtC,IAAI,CAAC,UAAU,CAAC,EAAE,EAAE,IAAI,CAAC,OAAO,EAAE,CAAC,CAAC;gBACpC,IAAI,CAAC,QAAQ,CAAC,MAAM,CAAC,EAAE,CAAC,CAAC;gBACzB,OAAO,CAAC,EAAE,CAAC,CAAC;aACZ;iBAAM,IAAI,gBAAgB,CAAC,EAAE,CAAC,IAAI,EAAE,CAAC,QAAQ,CAAC,GAAG,CAAC,EAAE;gBACpD,MAAM,CAAC,IAAI,6BAAY,CAAC,YAAY,CAAC,CAAC,CAAC;aACvC;iBAAM;gBACN,MAAM,CAAC,IAAI,8BAAa,CAAC,cAAc,CAAC,CAAC,CAAC;aAC1C;QACF,CAAC,CAAC,CAAC;IACJ,CAAC;IAEO,UAAU,CAAC,EAAU,EAAE,IAAY;QAC1C,IAAI,IAAI,KAAK,SAAS,EAAE;YACvB,EAAE,CAAC,MAAM,CAAC,SAAS,GAAG,EAAE,GAAG,OAAO,EAAE,CAAC,GAAG,EAAE,EAAE;gBAC3C,IAAI,GAAG,EAAE;oBACR,OAAO,OAAO,CAAC,MAAM,CAAC,IAAI,6BAAY,CAAC,0BAA0B,CAAC,CAAC,CAAC;iBACpE;YACF,CAAC,CAAC,CAAC;SACH;aAAM;YACN,EAAE,CAAC,MAAM,CAAC,OAAO,GAAG,EAAE,GAAG,OAAO,EAAE,CAAC,GAAG,EAAE,EAAE;gBACzC,IAAI,GAAG,EAAE;oBACR,OAAO,OAAO,CAAC,MAAM,CAAC,IAAI,6BAAY,CAAC,0BAA0B,CAAC,CAAC,CAAC;iBACpE;YACF,CAAC,CAAC,CAAC;SACH;IACF,CAAC;IAEM,YAAY,CAAC,KAAc;QACjC,IAAI,WAAW,GAAS,IAAI,cAAI,CAAC,KAAK,CAAC,CAAC;QACxC,IAAI,SAAS,GAAoB,EAAE,CAAC;QACpC,IAAI,OAAsB,CAAC;QAE3B,IAAI;YACH,IAAI,CAAC,WAAW,CAAC,MAAM,EAAE,EAAE;gBAC1B,OAAO,OAAO,CAAC,MAAM,CAAC,IAAI,6BAAY,CAAC,aAAa,CAAC,CAAC,CAAC;aACvD;YACD,IAAI,IAAI,CAAC,QAAQ,CAAC,GAAG,CAAC,WAAW,CAAC,QAAQ,EAAE,CAAC,CAAC,CAAC,CAAC,EAAE;gBACjD,OAAO,GAAG,IAAI,CAAC,QAAQ,CAAC,GAAG,CAAC,WAAW,CAAC,QAAQ,EAAE,CAAC,CAAC,CAAC,CAAC,CAAC;aACvD;iBAAM;gBACN,OAAO,OAAO,CAAC,MAAM,CAAC,IAAI,6BAAY,CAAC,wBAAwB,CAAC,CAAC,CAAC;aAClE;YACD,IAAI,SAAS,GAAG,IAAI,gBAAM,CAAC,KAAK,CAAC,CAAC;YAClC,SAAS,GAAG,SAAS,CAAC,UAAU,CAAC,OAAO,CAAC,OAAO,EAAE,CAAC,CAAC;YACpD,IAAI,SAAS,CAAC,MAAM,GAAG,IAAI,EAAE;gBAC5B,OAAO,OAAO,CAAC,MAAM,CAAC,IAAI,oCAAmB,CAAC,sBAAsB,CAAC,CAAC,CAAC;aACvE;SACD;QAAC,OAAO,KAAK,EAAE;YACf,OAAO,OAAO,CAAC,MAAM,CAAC,KAAK,CAAC,CAAC;SAC7B;QACD,OAAO,OAAO,CAAC,OAAO,CAAC,SAAS,CAAC,CAAC;IACnC,CAAC;IAEM,YAAY;QAClB,IAAI,UAAU,GAAqB,EAAE,CAAC;QACtC,IAAI,CAAC,QAAQ,CAAC,OAAO,CAAC,CAAC,KAAK,EAAE,GAAG,EAAE,EAAE;YACpC,IAAI,IAAI,GAAG,KAAK,CAAC,OAAO,EAAE,CAAC;YAC3B,IAAI,IAAI,GAAG,KAAK,CAAC,OAAO,EAAE,CAAC;YAC3B,MAAM,SAAS,GAAmB;gBACjC,EAAE,EAAE,GAAG;gBACP,IAAI,EAAE,IAAI;gBACV,OAAO,EAAE,IAAI;aACb,CAAC;YACF,UAAU,CAAC,IAAI,CAAC,SAAS,CAAC,CAAC;QAC5B,CAAC,CAAC,CAAC;QAEH,OAAO,IAAI,OAAO,CAAmB,CAAC,OAAO,EAAE,EAAE;YAChD,OAAO,CAAC,UAAU,CAAC,CAAC;QACrB,CAAC,CAAC,CAAC;IACJ,CAAC;CACD;AA/LD,gCA+LC","sourcesContent":["import {\n\tIInsightFacade,\n\tInsightDataset,\n\tInsightDatasetKind,\n\tInsightError,\n\tInsightResult,\n\tNotFoundError,\n\tResultTooLargeError\n} from \"./IInsightFacade\";\nimport JSZip, {JSZipObject} from \"jszip\";\nimport Dataset from \"./Dataset\";\nimport {Section} from \"./Section\";\nimport * as fs from \"fs\";\nimport Ebnf from \"./Ebnf\";\nimport Engine from \"./Engine\";\nimport * as parser from \"parse5\";\nimport {Room} from \"./Room\";\nimport {Data} from \"./Data\";\nimport HTMLParser from \"./HTMLParser\";\nimport CourseFileParser from \"./CourseFileParser\";\n\nconst dataDir = \"./data/\";\nconst courseDir = \"./data/courses/\";\nconst roomDir = \"./data/rooms/\";\nconst jsonExtensionLength = 5;\n\n/**\n * This is the main programmatic entry point for the project.\n * Method documentation is in IInsightFacade\n *\n */\n\nfunction isOnlyWhiteSpace(str: string): boolean {\n\treturn str == null || str.match(/^\\s*$/) !== null;\n}\n\nexport default class InsightFacade implements IInsightFacade {\n\tprivate datasets: Map<string, Dataset>;\n\n\tconstructor() {\n\t\tconsole.log(\"InsightFacadeImpl::init()\");\n\t\tthis.datasets = new Map<string, Dataset>();\n\n\t\tif (!fs.existsSync(dataDir)) {\n\t\t\tfs.mkdirSync(dataDir);\n\t\t}\n\t\tif (!fs.existsSync(courseDir)) {\n\t\t\tfs.mkdirSync(courseDir);\n\t\t} else {\n\t\t\tconst files: string[] = fs.readdirSync(courseDir);\n\t\t\tfiles.forEach((dataset_id) => {\n\t\t\t\tlet id = dataset_id.substring(0, dataset_id.length - jsonExtensionLength);\n\t\t\t\tif (!this.datasets.has(id)) {\n\t\t\t\t\tconst fileData = fs.readFileSync(courseDir + dataset_id, \"utf-8\");\n\t\t\t\t\tlet dataArr: Data[] = JSON.parse(fileData); // fileData is def not empty and valid\n\t\t\t\t\tthis.datasets.set(id, new Dataset(dataArr, dataArr.length, InsightDatasetKind.Courses));\n\t\t\t\t}\n\t\t\t});\n\t\t}\n\t\tif (!fs.existsSync(roomDir)) {\n\t\t\tfs.mkdirSync(roomDir);\n\t\t} else {\n\t\t\tconst files: string[] = fs.readdirSync(roomDir);\n\t\t\tfiles.forEach((dataset_id) => {\n\t\t\t\tlet id = dataset_id.substring(0, dataset_id.length - jsonExtensionLength);\n\t\t\t\tif (!this.datasets.has(id)) {\n\t\t\t\t\tconst fileData = fs.readFileSync(roomDir + dataset_id, \"utf-8\");\n\t\t\t\t\tlet dataArr: Data[] = JSON.parse(fileData); // fileData is def not empty and valid\n\t\t\t\t\tthis.datasets.set(id, new Dataset(dataArr, dataArr.length, InsightDatasetKind.Rooms));\n\t\t\t\t}\n\t\t\t});\n\t\t}\n\t}\n\n\tpublic async addDataset(id: string, content: string, kind: InsightDatasetKind): Promise<string[]> {\n\t\tif (this.datasets.has(id) || id.includes(\"_\") || isOnlyWhiteSpace(id)) {\n\t\t\treturn Promise.reject(new InsightError(\"duplicate datasetID or invalid dataset id\"));\n\t\t}\n\t\tif (kind === InsightDatasetKind.Courses) {\n\t\t\tawait this.addDatasetCourses(id, content);\n\t\t} else if (kind === InsightDatasetKind.Rooms) {\n\t\t\tawait this.addDatasetRooms(id, content);\n\t\t} else {\n\t\t\treturn Promise.reject(new InsightError(\"Invalid kind of dataset added!\"));\n\t\t}\n\t\treturn new Promise((resolve) => {\n\t\t\tlet arr: string[] = [];\n\t\t\tthis.datasets.forEach((value, key) => {\n\t\t\t\tarr.push(key);\n\t\t\t});\n\t\t\tresolve(arr);\n\t\t});\n\t}\n\n\tprivate async addDatasetCourses(id: string, content: string) {\n\t\tlet zip = new JSZip();\n\t\ttry {\n\t\t\tawait zip.loadAsync(content, {base64: true});\n\t\t} catch {\n\t\t\treturn Promise.reject(new InsightError(\"invalid zip file - failed zip.loadAsync\"));\n\t\t}\n\n\t\tlet promises: Array<Promise<string>> = [];\n\t\tif (zip.folder(/courses/).length === 1) {\n\t\t\tzip.folder(\"courses\")?.forEach(function (relativePath, file) {\n\t\t\t\tpromises.push(file.async(\"string\"));\n\t\t\t});\n\t\t} else {\n\t\t\treturn Promise.reject(new InsightError(\"course folder does not contain any files\"));\n\t\t}\n\t\tconst fileArray = await Promise.all(promises);\n\t\tlet sectionArray: Section[] = CourseFileParser.parseToSections(fileArray);\n\n\t\tif (sectionArray.length <= 0) {\n\t\t\treturn Promise.reject(new InsightError(\"course folder does not contain any valid course sections\"));\n\t\t}\n\t\tthis.datasets.set(id, new Dataset(sectionArray, sectionArray.length, InsightDatasetKind.Courses));\n\n\t\tfs.writeFileSync(courseDir + id + \".json\", JSON.stringify(sectionArray));\n\t}\n\n\tprivate async addDatasetRooms(id: string, content: string) {\n\t\tlet zip1 = new JSZip();\n\t\ttry {\n\t\t\tawait zip1.loadAsync(content, {base64: true});\n\t\t} catch {\n\t\t\treturn Promise.reject(new InsightError(\"invalid zip file - failed zip.loadAsync\"));\n\t\t}\n\n\t\tlet index: JSZipObject[] = zip1.file(/index.htm/);\n\t\tif (index.length <= 0) {\n\t\t\treturn Promise.reject(new InsightError(\"room does not contain index.htm or room does not exist in root\"));\n\t\t}\n\n\t\tlet document;\n\t\tlet htmlFile = zip1.file(\"rooms/index.htm\");\n\t\ttry {\n\t\t\tif (htmlFile !== null) {\n\t\t\t\tconst htmlString = await htmlFile.async(\"string\");\n\t\t\t\tdocument = parser.parse(htmlString);\n\t\t\t}\n\t\t} catch {\n\t\t\treturn Promise.reject(new InsightError(\"unable to parse room, not in HTML format\"));\n\t\t}\n\n\t\tlet roomArray: Room[] = await HTMLParser.parseToBuildings(document, zip1);\n\t\tif (roomArray.length <= 0) {\n\t\t\treturn Promise.reject(new InsightError(\"room folder does not contain any valid buildings with rooms\"));\n\t\t}\n\t\tthis.datasets.set(id, new Dataset(roomArray, roomArray.length, InsightDatasetKind.Rooms));\n\n\t\tfs.writeFileSync(roomDir + id + \".json\", JSON.stringify(roomArray));\n\t}\n\n\tpublic removeDataset(id: string): Promise<string> {\n\t\treturn new Promise((resolve, reject) => {\n\t\t\tif (this.datasets.has(id)) {\n\t\t\t\tlet temp: any = this.datasets.get(id);\n\t\t\t\tthis.deleteDisk(id, temp.getKind());\n\t\t\t\tthis.datasets.delete(id);\n\t\t\t\tresolve(id);\n\t\t\t} else if (isOnlyWhiteSpace(id) || id.includes(\"_\")) {\n\t\t\t\treject(new InsightError(\"invalid ID\"));\n\t\t\t} else {\n\t\t\t\treject(new NotFoundError(\"ID not found\"));\n\t\t\t}\n\t\t});\n\t}\n\n\tprivate deleteDisk(id: string, kind: string) {\n\t\tif (kind === \"courses\") {\n\t\t\tfs.unlink(courseDir + id + \".json\", (err) => {\n\t\t\t\tif (err) {\n\t\t\t\t\treturn Promise.reject(new InsightError(\"unable to delete in disk\"));\n\t\t\t\t}\n\t\t\t});\n\t\t} else {\n\t\t\tfs.unlink(roomDir + id + \".json\", (err) => {\n\t\t\t\tif (err) {\n\t\t\t\t\treturn Promise.reject(new InsightError(\"unable to delete in disk\"));\n\t\t\t\t}\n\t\t\t});\n\t\t}\n\t}\n\n\tpublic performQuery(query: unknown): Promise<InsightResult[]> {\n\t\tlet ebnfChecker: Ebnf = new Ebnf(query);\n\t\tlet resultArr: InsightResult[] = [];\n\t\tlet dataset: Dataset | any;\n\n\t\ttry {\n\t\t\tif (!ebnfChecker.isEbnf()) {\n\t\t\t\treturn Promise.reject(new InsightError(\"EBNF failed\"));\n\t\t\t}\n\t\t\tif (this.datasets.has(ebnfChecker.getArrID()[0])) {\n\t\t\t\tdataset = this.datasets.get(ebnfChecker.getArrID()[0]);\n\t\t\t} else {\n\t\t\t\treturn Promise.reject(new InsightError(\"dataset does not exist\"));\n\t\t\t}\n\t\t\tlet runEngine = new Engine(query);\n\t\t\tresultArr = runEngine.applyQuery(dataset.getData());\n\t\t\tif (resultArr.length > 5000) {\n\t\t\t\treturn Promise.reject(new ResultTooLargeError(\"result length > 5000\"));\n\t\t\t}\n\t\t} catch (error) {\n\t\t\treturn Promise.reject(error);\n\t\t}\n\t\treturn Promise.resolve(resultArr);\n\t}\n\n\tpublic listDatasets(): Promise<InsightDataset[]> {\n\t\tlet insightArr: InsightDataset[] = [];\n\t\tthis.datasets.forEach((value, key) => {\n\t\t\tlet rows = value.getRows();\n\t\t\tlet kind = value.getKind();\n\t\t\tconst myDataset: InsightDataset = {\n\t\t\t\tid: key,\n\t\t\t\tkind: kind,\n\t\t\t\tnumRows: rows\n\t\t\t};\n\t\t\tinsightArr.push(myDataset);\n\t\t});\n\n\t\treturn new Promise<InsightDataset[]>((resolve) => {\n\t\t\tresolve(insightArr);\n\t\t});\n\t}\n}\n"]},"_coverageSchema":"1a1c01bbd47fc00a2c39e90264f33305004495a9","hash":"f9dc3dbc1943d45efdace73345cfb69437296d47","contentHash":"d863eb96a42ceaf487551300c8930c120ea3cf5487e46dc8f8c46f31de125f3b"},"/Users/johnhbuckets/project_team556/src/controller/Dataset.ts":{"path":"/Users/johnhbuckets/project_team556/src/controller/Dataset.ts","statementMap":{"0":{"start":{"line":2,"column":0},"end":{"line":2,"column":62}},"1":{"start":{"line":5,"column":8},"end":{"line":5,"column":25}},"2":{"start":{"line":6,"column":8},"end":{"line":6,"column":29}},"3":{"start":{"line":7,"column":8},"end":{"line":7,"column":32}},"4":{"start":{"line":10,"column":8},"end":{"line":10,"column":25}},"5":{"start":{"line":13,"column":8},"end":{"line":13,"column":29}},"6":{"start":{"line":16,"column":8},"end":{"line":16,"column":32}},"7":{"start":{"line":19,"column":0},"end":{"line":19,"column":26}}},"fnMap":{"0":{"name":"(anonymous_0)","decl":{"start":{"line":4,"column":4},"end":{"line":4,"column":5}},"loc":{"start":{"line":4,"column":34},"end":{"line":8,"column":5}},"line":4},"1":{"name":"(anonymous_1)","decl":{"start":{"line":9,"column":4},"end":{"line":9,"column":5}},"loc":{"start":{"line":9,"column":14},"end":{"line":11,"column":5}},"line":9},"2":{"name":"(anonymous_2)","decl":{"start":{"line":12,"column":4},"end":{"line":12,"column":5}},"loc":{"start":{"line":12,"column":14},"end":{"line":14,"column":5}},"line":12},"3":{"name":"(anonymous_3)","decl":{"start":{"line":15,"column":4},"end":{"line":15,"column":5}},"loc":{"start":{"line":15,"column":14},"end":{"line":17,"column":5}},"line":15}},"branchMap":{},"s":{"0":1,"1":39,"2":39,"3":39,"4":21,"5":33,"6":40,"7":1},"f":{"0":39,"1":21,"2":33,"3":40},"b":{},"inputSourceMap":{"version":3,"file":"/Users/johnhbuckets/project_team556/src/controller/Dataset.ts","sources":["/Users/johnhbuckets/project_team556/src/controller/Dataset.ts"],"names":[],"mappings":";;AAGA,MAAqB,OAAO;IAK3B,YAAY,IAAY,EAAE,IAAY,EAAE,IAAwB;QAC/D,IAAI,CAAC,IAAI,GAAG,IAAI,CAAC;QACjB,IAAI,CAAC,QAAQ,GAAG,IAAI,CAAC;QACrB,IAAI,CAAC,WAAW,GAAG,IAAI,CAAC;IACzB,CAAC;IAEM,OAAO;QACb,OAAO,IAAI,CAAC,IAAI,CAAC;IAClB,CAAC;IAEM,OAAO;QACb,OAAO,IAAI,CAAC,QAAQ,CAAC;IACtB,CAAC;IAEM,OAAO;QACb,OAAO,IAAI,CAAC,WAAW,CAAC;IACzB,CAAC;CACD;AAtBD,0BAsBC","sourcesContent":["import {InsightDatasetKind} from \"./IInsightFacade\";\nimport {Data} from \"./Data\";\n\nexport default class Dataset {\n\tprivate readonly data: Data[];\n\tprivate readonly num_rows: number;\n\tprivate readonly datasetKind: InsightDatasetKind;\n\n\tconstructor(data: Data[], rows: number, kind: InsightDatasetKind) {\n\t\tthis.data = data;\n\t\tthis.num_rows = rows;\n\t\tthis.datasetKind = kind;\n\t}\n\n\tpublic getData(): Data[] {\n\t\treturn this.data;\n\t}\n\n\tpublic getRows(): number {\n\t\treturn this.num_rows;\n\t}\n\n\tpublic getKind(): InsightDatasetKind {\n\t\treturn this.datasetKind;\n\t}\n}\n"]},"_coverageSchema":"1a1c01bbd47fc00a2c39e90264f33305004495a9","hash":"5e189ddecbc0492f04efaf1d59502c53631a4d45","contentHash":"a980c3e534489d53fee33d9de12495046982a3c33d01999f17783d993d8b21a1"},"/Users/johnhbuckets/project_team556/src/controller/Ebnf.ts":{"path":"/Users/johnhbuckets/project_team556/src/controller/Ebnf.ts","statementMap":{"0":{"start":{"line":2,"column":22},"end":{"line":4,"column":1}},"1":{"start":{"line":3,"column":4},"end":{"line":3,"column":62}},"2":{"start":{"line":5,"column":0},"end":{"line":5,"column":62}},"3":{"start":{"line":6,"column":21},"end":{"line":6,"column":61}},"4":{"start":{"line":9,"column":8},"end":{"line":9,"column":27}},"5":{"start":{"line":10,"column":8},"end":{"line":10,"column":24}},"6":{"start":{"line":13,"column":8},"end":{"line":13,"column":26}},"7":{"start":{"line":16,"column":22},"end":{"line":16,"column":45}},"8":{"start":{"line":17,"column":8},"end":{"line":19,"column":9}},"9":{"start":{"line":18,"column":12},"end":{"line":18,"column":25}},"10":{"start":{"line":20,"column":8},"end":{"line":46,"column":9}},"11":{"start":{"line":21,"column":12},"end":{"line":30,"column":13}},"12":{"start":{"line":22,"column":33},"end":{"line":22,"column":55}},"13":{"start":{"line":23,"column":35},"end":{"line":23,"column":59}},"14":{"start":{"line":24,"column":35},"end":{"line":24,"column":62}},"15":{"start":{"line":25,"column":37},"end":{"line":25,"column":68}},"16":{"start":{"line":26,"column":16},"end":{"line":26,"column":89}},"17":{"start":{"line":29,"column":16},"end":{"line":29,"column":29}},"18":{"start":{"line":33,"column":12},"end":{"line":45,"column":13}},"19":{"start":{"line":35,"column":33},"end":{"line":35,"column":55}},"20":{"start":{"line":36,"column":35},"end":{"line":36,"column":59}},"21":{"start":{"line":37,"column":33},"end":{"line":37,"column":55}},"22":{"start":{"line":38,"column":35},"end":{"line":38,"column":62}},"23":{"start":{"line":39,"column":37},"end":{"line":39,"column":68}},"24":{"start":{"line":40,"column":35},"end":{"line":40,"column":62}},"25":{"start":{"line":41,"column":16},"end":{"line":41,"column":105}},"26":{"start":{"line":44,"column":16},"end":{"line":44,"column":29}},"27":{"start":{"line":49,"column":8},"end":{"line":51,"column":9}},"28":{"start":{"line":50,"column":12},"end":{"line":50,"column":24}},"29":{"start":{"line":52,"column":8},"end":{"line":54,"column":9}},"30":{"start":{"line":53,"column":12},"end":{"line":53,"column":25}},"31":{"start":{"line":55,"column":23},"end":{"line":55,"column":49}},"32":{"start":{"line":56,"column":8},"end":{"line":70,"column":9}},"33":{"start":{"line":57,"column":12},"end":{"line":57,"column":53}},"34":{"start":{"line":59,"column":13},"end":{"line":70,"column":9}},"35":{"start":{"line":60,"column":12},"end":{"line":60,"column":57}},"36":{"start":{"line":62,"column":13},"end":{"line":70,"column":9}},"37":{"start":{"line":63,"column":12},"end":{"line":63,"column":57}},"38":{"start":{"line":65,"column":13},"end":{"line":70,"column":9}},"39":{"start":{"line":66,"column":12},"end":{"line":66,"column":57}},"40":{"start":{"line":69,"column":12},"end":{"line":69,"column":25}},"41":{"start":{"line":73,"column":8},"end":{"line":73,"column":41}},"42":{"start":{"line":76,"column":19},"end":{"line":76,"column":24}},"43":{"start":{"line":77,"column":18},"end":{"line":77,"column":38}},"44":{"start":{"line":78,"column":8},"end":{"line":80,"column":9}},"45":{"start":{"line":79,"column":12},"end":{"line":79,"column":25}},"46":{"start":{"line":81,"column":8},"end":{"line":86,"column":9}},"47":{"start":{"line":82,"column":12},"end":{"line":82,"column":41}},"48":{"start":{"line":83,"column":12},"end":{"line":85,"column":13}},"49":{"start":{"line":84,"column":16},"end":{"line":84,"column":28}},"50":{"start":{"line":87,"column":8},"end":{"line":87,"column":20}},"51":{"start":{"line":90,"column":8},"end":{"line":92,"column":9}},"52":{"start":{"line":91,"column":12},"end":{"line":91,"column":25}},"53":{"start":{"line":93,"column":18},"end":{"line":93,"column":54}},"54":{"start":{"line":94,"column":8},"end":{"line":94,"column":84}},"55":{"start":{"line":97,"column":8},"end":{"line":99,"column":9}},"56":{"start":{"line":98,"column":12},"end":{"line":98,"column":25}},"57":{"start":{"line":100,"column":20},"end":{"line":100,"column":43}},"58":{"start":{"line":101,"column":8},"end":{"line":102,"column":69}},"59":{"start":{"line":105,"column":22},"end":{"line":105,"column":47}},"60":{"start":{"line":106,"column":8},"end":{"line":108,"column":9}},"61":{"start":{"line":107,"column":12},"end":{"line":107,"column":25}},"62":{"start":{"line":109,"column":8},"end":{"line":119,"column":9}},"63":{"start":{"line":110,"column":12},"end":{"line":115,"column":13}},"64":{"start":{"line":111,"column":16},"end":{"line":111,"column":29}},"65":{"start":{"line":114,"column":16},"end":{"line":114,"column":111}},"66":{"start":{"line":118,"column":12},"end":{"line":118,"column":65}},"67":{"start":{"line":120,"column":8},"end":{"line":120,"column":21}},"68":{"start":{"line":123,"column":8},"end":{"line":125,"column":9}},"69":{"start":{"line":124,"column":12},"end":{"line":124,"column":25}},"70":{"start":{"line":126,"column":19},"end":{"line":126,"column":23}},"71":{"start":{"line":127,"column":8},"end":{"line":149,"column":9}},"72":{"start":{"line":128,"column":28},"end":{"line":128,"column":59}},"73":{"start":{"line":129,"column":27},"end":{"line":129,"column":29}},"74":{"start":{"line":130,"column":12},"end":{"line":132,"column":13}},"75":{"start":{"line":131,"column":16},"end":{"line":131,"column":49}},"76":{"start":{"line":133,"column":12},"end":{"line":138,"column":13}},"77":{"start":{"line":134,"column":16},"end":{"line":134,"column":109}},"78":{"start":{"line":135,"column":16},"end":{"line":137,"column":17}},"79":{"start":{"line":136,"column":20},"end":{"line":136,"column":32}},"80":{"start":{"line":139,"column":12},"end":{"line":139,"column":24}},"81":{"start":{"line":142,"column":12},"end":{"line":147,"column":13}},"82":{"start":{"line":143,"column":16},"end":{"line":143,"column":48}},"83":{"start":{"line":144,"column":16},"end":{"line":146,"column":17}},"84":{"start":{"line":145,"column":20},"end":{"line":145,"column":32}},"85":{"start":{"line":148,"column":12},"end":{"line":148,"column":24}},"86":{"start":{"line":152,"column":8},"end":{"line":157,"column":9}},"87":{"start":{"line":153,"column":12},"end":{"line":153,"column":86}},"88":{"start":{"line":156,"column":12},"end":{"line":156,"column":49}},"89":{"start":{"line":160,"column":8},"end":{"line":160,"column":69}},"90":{"start":{"line":163,"column":8},"end":{"line":168,"column":9}},"91":{"start":{"line":164,"column":12},"end":{"line":164,"column":25}},"92":{"start":{"line":166,"column":13},"end":{"line":168,"column":9}},"93":{"start":{"line":167,"column":12},"end":{"line":167,"column":25}},"94":{"start":{"line":169,"column":8},"end":{"line":169,"column":128}},"95":{"start":{"line":172,"column":8},"end":{"line":174,"column":9}},"96":{"start":{"line":173,"column":12},"end":{"line":173,"column":25}},"97":{"start":{"line":175,"column":19},"end":{"line":175,"column":23}},"98":{"start":{"line":176,"column":8},"end":{"line":181,"column":9}},"99":{"start":{"line":177,"column":12},"end":{"line":177,"column":68}},"100":{"start":{"line":178,"column":12},"end":{"line":180,"column":13}},"101":{"start":{"line":179,"column":16},"end":{"line":179,"column":29}},"102":{"start":{"line":182,"column":8},"end":{"line":182,"column":20}},"103":{"start":{"line":185,"column":19},"end":{"line":185,"column":42}},"104":{"start":{"line":186,"column":8},"end":{"line":188,"column":9}},"105":{"start":{"line":187,"column":12},"end":{"line":187,"column":25}},"106":{"start":{"line":189,"column":8},"end":{"line":189,"column":92}},"107":{"start":{"line":192,"column":8},"end":{"line":194,"column":9}},"108":{"start":{"line":193,"column":12},"end":{"line":193,"column":25}},"109":{"start":{"line":195,"column":19},"end":{"line":195,"column":23}},"110":{"start":{"line":196,"column":8},"end":{"line":201,"column":9}},"111":{"start":{"line":197,"column":12},"end":{"line":197,"column":36}},"112":{"start":{"line":198,"column":12},"end":{"line":200,"column":13}},"113":{"start":{"line":199,"column":16},"end":{"line":199,"column":29}},"114":{"start":{"line":202,"column":8},"end":{"line":202,"column":20}},"115":{"start":{"line":205,"column":19},"end":{"line":205,"column":23}},"116":{"start":{"line":206,"column":27},"end":{"line":206,"column":29}},"117":{"start":{"line":207,"column":8},"end":{"line":216,"column":9}},"118":{"start":{"line":208,"column":12},"end":{"line":210,"column":13}},"119":{"start":{"line":209,"column":16},"end":{"line":209,"column":29}},"120":{"start":{"line":211,"column":12},"end":{"line":211,"column":45}},"121":{"start":{"line":212,"column":12},"end":{"line":214,"column":13}},"122":{"start":{"line":213,"column":16},"end":{"line":213,"column":29}},"123":{"start":{"line":215,"column":12},"end":{"line":215,"column":52}},"124":{"start":{"line":217,"column":8},"end":{"line":217,"column":20}},"125":{"start":{"line":220,"column":8},"end":{"line":222,"column":9}},"126":{"start":{"line":221,"column":12},"end":{"line":221,"column":25}},"127":{"start":{"line":223,"column":8},"end":{"line":224,"column":60}},"128":{"start":{"line":227,"column":8},"end":{"line":229,"column":9}},"129":{"start":{"line":228,"column":12},"end":{"line":228,"column":25}},"130":{"start":{"line":230,"column":8},"end":{"line":231,"column":99}},"131":{"start":{"line":234,"column":8},"end":{"line":234,"column":58}},"132":{"start":{"line":237,"column":18},"end":{"line":237,"column":32}},"133":{"start":{"line":238,"column":8},"end":{"line":238,"column":32}},"134":{"start":{"line":239,"column":8},"end":{"line":239,"column":133}},"135":{"start":{"line":242,"column":18},"end":{"line":242,"column":32}},"136":{"start":{"line":243,"column":8},"end":{"line":243,"column":32}},"137":{"start":{"line":244,"column":8},"end":{"line":244,"column":113}},"138":{"start":{"line":247,"column":8},"end":{"line":252,"column":9}},"139":{"start":{"line":248,"column":12},"end":{"line":248,"column":73}},"140":{"start":{"line":251,"column":12},"end":{"line":251,"column":41}},"141":{"start":{"line":255,"column":19},"end":{"line":255,"column":23}},"142":{"start":{"line":257,"column":8},"end":{"line":261,"column":9}},"143":{"start":{"line":258,"column":12},"end":{"line":260,"column":13}},"144":{"start":{"line":259,"column":16},"end":{"line":259,"column":29}},"145":{"start":{"line":262,"column":8},"end":{"line":262,"column":20}},"146":{"start":{"line":265,"column":0},"end":{"line":265,"column":23}},"147":{"start":{"line":266,"column":0},"end":{"line":266,"column":21}},"148":{"start":{"line":267,"column":0},"end":{"line":267,"column":25}},"149":{"start":{"line":268,"column":0},"end":{"line":268,"column":25}},"150":{"start":{"line":269,"column":0},"end":{"line":269,"column":31}}},"fnMap":{"0":{"name":"(anonymous_0)","decl":{"start":{"line":2,"column":56},"end":{"line":2,"column":57}},"loc":{"start":{"line":2,"column":71},"end":{"line":4,"column":1}},"line":2},"1":{"name":"(anonymous_1)","decl":{"start":{"line":8,"column":4},"end":{"line":8,"column":5}},"loc":{"start":{"line":8,"column":23},"end":{"line":11,"column":5}},"line":8},"2":{"name":"(anonymous_2)","decl":{"start":{"line":12,"column":4},"end":{"line":12,"column":5}},"loc":{"start":{"line":12,"column":15},"end":{"line":14,"column":5}},"line":12},"3":{"name":"(anonymous_3)","decl":{"start":{"line":15,"column":4},"end":{"line":15,"column":5}},"loc":{"start":{"line":15,"column":13},"end":{"line":47,"column":5}},"line":15},"4":{"name":"(anonymous_4)","decl":{"start":{"line":48,"column":4},"end":{"line":48,"column":5}},"loc":{"start":{"line":48,"column":27},"end":{"line":71,"column":5}},"line":48},"5":{"name":"(anonymous_5)","decl":{"start":{"line":72,"column":4},"end":{"line":72,"column":5}},"loc":{"start":{"line":72,"column":28},"end":{"line":74,"column":5}},"line":72},"6":{"name":"(anonymous_6)","decl":{"start":{"line":75,"column":4},"end":{"line":75,"column":5}},"loc":{"start":{"line":75,"column":37},"end":{"line":88,"column":5}},"line":75},"7":{"name":"(anonymous_7)","decl":{"start":{"line":89,"column":4},"end":{"line":89,"column":5}},"loc":{"start":{"line":89,"column":37},"end":{"line":95,"column":5}},"line":89},"8":{"name":"(anonymous_8)","decl":{"start":{"line":96,"column":4},"end":{"line":96,"column":5}},"loc":{"start":{"line":96,"column":24},"end":{"line":103,"column":5}},"line":96},"9":{"name":"(anonymous_9)","decl":{"start":{"line":104,"column":4},"end":{"line":104,"column":5}},"loc":{"start":{"line":104,"column":31},"end":{"line":121,"column":5}},"line":104},"10":{"name":"(anonymous_10)","decl":{"start":{"line":122,"column":4},"end":{"line":122,"column":5}},"loc":{"start":{"line":122,"column":22},"end":{"line":150,"column":5}},"line":122},"11":{"name":"(anonymous_11)","decl":{"start":{"line":151,"column":4},"end":{"line":151,"column":5}},"loc":{"start":{"line":151,"column":27},"end":{"line":158,"column":5}},"line":151},"12":{"name":"(anonymous_12)","decl":{"start":{"line":159,"column":4},"end":{"line":159,"column":5}},"loc":{"start":{"line":159,"column":34},"end":{"line":161,"column":5}},"line":159},"13":{"name":"(anonymous_13)","decl":{"start":{"line":162,"column":4},"end":{"line":162,"column":5}},"loc":{"start":{"line":162,"column":29},"end":{"line":170,"column":5}},"line":162},"14":{"name":"(anonymous_14)","decl":{"start":{"line":171,"column":4},"end":{"line":171,"column":5}},"loc":{"start":{"line":171,"column":24},"end":{"line":183,"column":5}},"line":171},"15":{"name":"(anonymous_15)","decl":{"start":{"line":184,"column":4},"end":{"line":184,"column":5}},"loc":{"start":{"line":184,"column":27},"end":{"line":190,"column":5}},"line":184},"16":{"name":"(anonymous_16)","decl":{"start":{"line":191,"column":4},"end":{"line":191,"column":5}},"loc":{"start":{"line":191,"column":27},"end":{"line":203,"column":5}},"line":191},"17":{"name":"(anonymous_17)","decl":{"start":{"line":204,"column":4},"end":{"line":204,"column":5}},"loc":{"start":{"line":204,"column":27},"end":{"line":218,"column":5}},"line":204},"18":{"name":"(anonymous_18)","decl":{"start":{"line":219,"column":4},"end":{"line":219,"column":5}},"loc":{"start":{"line":219,"column":25},"end":{"line":225,"column":5}},"line":219},"19":{"name":"(anonymous_19)","decl":{"start":{"line":226,"column":4},"end":{"line":226,"column":5}},"loc":{"start":{"line":226,"column":26},"end":{"line":232,"column":5}},"line":226},"20":{"name":"(anonymous_20)","decl":{"start":{"line":233,"column":4},"end":{"line":233,"column":5}},"loc":{"start":{"line":233,"column":18},"end":{"line":235,"column":5}},"line":233},"21":{"name":"(anonymous_21)","decl":{"start":{"line":236,"column":4},"end":{"line":236,"column":5}},"loc":{"start":{"line":236,"column":19},"end":{"line":240,"column":5}},"line":236},"22":{"name":"(anonymous_22)","decl":{"start":{"line":241,"column":4},"end":{"line":241,"column":5}},"loc":{"start":{"line":241,"column":19},"end":{"line":245,"column":5}},"line":241},"23":{"name":"(anonymous_23)","decl":{"start":{"line":246,"column":4},"end":{"line":246,"column":5}},"loc":{"start":{"line":246,"column":24},"end":{"line":253,"column":5}},"line":246},"24":{"name":"(anonymous_24)","decl":{"start":{"line":254,"column":4},"end":{"line":254,"column":5}},"loc":{"start":{"line":254,"column":31},"end":{"line":263,"column":5}},"line":254}},"branchMap":{"0":{"loc":{"start":{"line":2,"column":22},"end":{"line":4,"column":1}},"type":"binary-expr","locations":[{"start":{"line":2,"column":23},"end":{"line":2,"column":27}},{"start":{"line":2,"column":31},"end":{"line":2,"column":51}},{"start":{"line":2,"column":56},"end":{"line":4,"column":1}}],"line":2},"1":{"loc":{"start":{"line":3,"column":11},"end":{"line":3,"column":61}},"type":"cond-expr","locations":[{"start":{"line":3,"column":37},"end":{"line":3,"column":40}},{"start":{"line":3,"column":43},"end":{"line":3,"column":61}}],"line":3},"2":{"loc":{"start":{"line":3,"column":12},"end":{"line":3,"column":33}},"type":"binary-expr","locations":[{"start":{"line":3,"column":12},"end":{"line":3,"column":15}},{"start":{"line":3,"column":19},"end":{"line":3,"column":33}}],"line":3},"3":{"loc":{"start":{"line":17,"column":8},"end":{"line":19,"column":9}},"type":"if","locations":[{"start":{"line":17,"column":8},"end":{"line":19,"column":9}},{"start":{"line":17,"column":8},"end":{"line":19,"column":9}}],"line":17},"4":{"loc":{"start":{"line":17,"column":12},"end":{"line":17,"column":93}},"type":"binary-expr","locations":[{"start":{"line":17,"column":12},"end":{"line":17,"column":42}},{"start":{"line":17,"column":46},"end":{"line":17,"column":93}}],"line":17},"5":{"loc":{"start":{"line":17,"column":48},"end":{"line":17,"column":92}},"type":"binary-expr","locations":[{"start":{"line":17,"column":48},"end":{"line":17,"column":68}},{"start":{"line":17,"column":72},"end":{"line":17,"column":92}}],"line":17},"6":{"loc":{"start":{"line":20,"column":8},"end":{"line":46,"column":9}},"type":"if","locations":[{"start":{"line":20,"column":8},"end":{"line":46,"column":9}},{"start":{"line":20,"column":8},"end":{"line":46,"column":9}}],"line":20},"7":{"loc":{"start":{"line":21,"column":12},"end":{"line":30,"column":13}},"type":"if","locations":[{"start":{"line":21,"column":12},"end":{"line":30,"column":13}},{"start":{"line":21,"column":12},"end":{"line":30,"column":13}}],"line":21},"8":{"loc":{"start":{"line":21,"column":16},"end":{"line":21,"column":88}},"type":"binary-expr","locations":[{"start":{"line":21,"column":16},"end":{"line":21,"column":49}},{"start":{"line":21,"column":53},"end":{"line":21,"column":88}}],"line":21},"9":{"loc":{"start":{"line":26,"column":23},"end":{"line":26,"column":88}},"type":"binary-expr","locations":[{"start":{"line":26,"column":23},"end":{"line":26,"column":35}},{"start":{"line":26,"column":39},"end":{"line":26,"column":53}},{"start":{"line":26,"column":57},"end":{"line":26,"column":88}}],"line":26},"10":{"loc":{"start":{"line":33,"column":12},"end":{"line":45,"column":13}},"type":"if","locations":[{"start":{"line":33,"column":12},"end":{"line":45,"column":13}},{"start":{"line":33,"column":12},"end":{"line":45,"column":13}}],"line":33},"11":{"loc":{"start":{"line":33,"column":16},"end":{"line":34,"column":52}},"type":"binary-expr","locations":[{"start":{"line":33,"column":16},"end":{"line":33,"column":49}},{"start":{"line":33,"column":53},"end":{"line":33,"column":88}},{"start":{"line":34,"column":19},"end":{"line":34,"column":52}}],"line":33},"12":{"loc":{"start":{"line":41,"column":23},"end":{"line":41,"column":104}},"type":"binary-expr","locations":[{"start":{"line":41,"column":23},"end":{"line":41,"column":35}},{"start":{"line":41,"column":39},"end":{"line":41,"column":53}},{"start":{"line":41,"column":57},"end":{"line":41,"column":69}},{"start":{"line":41,"column":73},"end":{"line":41,"column":104}}],"line":41},"13":{"loc":{"start":{"line":49,"column":8},"end":{"line":51,"column":9}},"type":"if","locations":[{"start":{"line":49,"column":8},"end":{"line":51,"column":9}},{"start":{"line":49,"column":8},"end":{"line":51,"column":9}}],"line":49},"14":{"loc":{"start":{"line":52,"column":8},"end":{"line":54,"column":9}},"type":"if","locations":[{"start":{"line":52,"column":8},"end":{"line":54,"column":9}},{"start":{"line":52,"column":8},"end":{"line":54,"column":9}}],"line":52},"15":{"loc":{"start":{"line":56,"column":8},"end":{"line":70,"column":9}},"type":"if","locations":[{"start":{"line":56,"column":8},"end":{"line":70,"column":9}},{"start":{"line":56,"column":8},"end":{"line":70,"column":9}}],"line":56},"16":{"loc":{"start":{"line":59,"column":13},"end":{"line":70,"column":9}},"type":"if","locations":[{"start":{"line":59,"column":13},"end":{"line":70,"column":9}},{"start":{"line":59,"column":13},"end":{"line":70,"column":9}}],"line":59},"17":{"loc":{"start":{"line":62,"column":13},"end":{"line":70,"column":9}},"type":"if","locations":[{"start":{"line":62,"column":13},"end":{"line":70,"column":9}},{"start":{"line":62,"column":13},"end":{"line":70,"column":9}}],"line":62},"18":{"loc":{"start":{"line":65,"column":13},"end":{"line":70,"column":9}},"type":"if","locations":[{"start":{"line":65,"column":13},"end":{"line":70,"column":9}},{"start":{"line":65,"column":13},"end":{"line":70,"column":9}}],"line":65},"19":{"loc":{"start":{"line":78,"column":8},"end":{"line":80,"column":9}},"type":"if","locations":[{"start":{"line":78,"column":8},"end":{"line":80,"column":9}},{"start":{"line":78,"column":8},"end":{"line":80,"column":9}}],"line":78},"20":{"loc":{"start":{"line":83,"column":12},"end":{"line":85,"column":13}},"type":"if","locations":[{"start":{"line":83,"column":12},"end":{"line":85,"column":13}},{"start":{"line":83,"column":12},"end":{"line":85,"column":13}}],"line":83},"21":{"loc":{"start":{"line":90,"column":8},"end":{"line":92,"column":9}},"type":"if","locations":[{"start":{"line":90,"column":8},"end":{"line":92,"column":9}},{"start":{"line":90,"column":8},"end":{"line":92,"column":9}}],"line":90},"22":{"loc":{"start":{"line":90,"column":12},"end":{"line":90,"column":92}},"type":"binary-expr","locations":[{"start":{"line":90,"column":12},"end":{"line":90,"column":42}},{"start":{"line":90,"column":46},"end":{"line":90,"column":92}}],"line":90},"23":{"loc":{"start":{"line":94,"column":15},"end":{"line":94,"column":83}},"type":"binary-expr","locations":[{"start":{"line":94,"column":15},"end":{"line":94,"column":34}},{"start":{"line":94,"column":38},"end":{"line":94,"column":83}}],"line":94},"24":{"loc":{"start":{"line":97,"column":8},"end":{"line":99,"column":9}},"type":"if","locations":[{"start":{"line":97,"column":8},"end":{"line":99,"column":9}},{"start":{"line":97,"column":8},"end":{"line":99,"column":9}}],"line":97},"25":{"loc":{"start":{"line":97,"column":12},"end":{"line":97,"column":76}},"type":"binary-expr","locations":[{"start":{"line":97,"column":12},"end":{"line":97,"column":39}},{"start":{"line":97,"column":43},"end":{"line":97,"column":76}}],"line":97},"26":{"loc":{"start":{"line":101,"column":15},"end":{"line":102,"column":68}},"type":"binary-expr","locations":[{"start":{"line":101,"column":15},"end":{"line":101,"column":36}},{"start":{"line":101,"column":40},"end":{"line":101,"column":76}},{"start":{"line":102,"column":15},"end":{"line":102,"column":68}}],"line":101},"27":{"loc":{"start":{"line":106,"column":8},"end":{"line":108,"column":9}},"type":"if","locations":[{"start":{"line":106,"column":8},"end":{"line":108,"column":9}},{"start":{"line":106,"column":8},"end":{"line":108,"column":9}}],"line":106},"28":{"loc":{"start":{"line":106,"column":12},"end":{"line":106,"column":110}},"type":"binary-expr","locations":[{"start":{"line":106,"column":12},"end":{"line":106,"column":59}},{"start":{"line":106,"column":63},"end":{"line":106,"column":110}}],"line":106},"29":{"loc":{"start":{"line":106,"column":14},"end":{"line":106,"column":58}},"type":"binary-expr","locations":[{"start":{"line":106,"column":14},"end":{"line":106,"column":34}},{"start":{"line":106,"column":38},"end":{"line":106,"column":58}}],"line":106},"30":{"loc":{"start":{"line":109,"column":8},"end":{"line":119,"column":9}},"type":"if","locations":[{"start":{"line":109,"column":8},"end":{"line":119,"column":9}},{"start":{"line":109,"column":8},"end":{"line":119,"column":9}}],"line":109},"31":{"loc":{"start":{"line":110,"column":12},"end":{"line":115,"column":13}},"type":"if","locations":[{"start":{"line":110,"column":12},"end":{"line":115,"column":13}},{"start":{"line":110,"column":12},"end":{"line":115,"column":13}}],"line":110},"32":{"loc":{"start":{"line":114,"column":23},"end":{"line":114,"column":110}},"type":"binary-expr","locations":[{"start":{"line":114,"column":23},"end":{"line":114,"column":68}},{"start":{"line":114,"column":72},"end":{"line":114,"column":110}}],"line":114},"33":{"loc":{"start":{"line":123,"column":8},"end":{"line":125,"column":9}},"type":"if","locations":[{"start":{"line":123,"column":8},"end":{"line":125,"column":9}},{"start":{"line":123,"column":8},"end":{"line":125,"column":9}}],"line":123},"34":{"loc":{"start":{"line":127,"column":8},"end":{"line":149,"column":9}},"type":"if","locations":[{"start":{"line":127,"column":8},"end":{"line":149,"column":9}},{"start":{"line":127,"column":8},"end":{"line":149,"column":9}}],"line":127},"35":{"loc":{"start":{"line":134,"column":23},"end":{"line":134,"column":108}},"type":"binary-expr","locations":[{"start":{"line":134,"column":23},"end":{"line":134,"column":47}},{"start":{"line":134,"column":52},"end":{"line":134,"column":78}},{"start":{"line":134,"column":82},"end":{"line":134,"column":107}}],"line":134},"36":{"loc":{"start":{"line":135,"column":16},"end":{"line":137,"column":17}},"type":"if","locations":[{"start":{"line":135,"column":16},"end":{"line":137,"column":17}},{"start":{"line":135,"column":16},"end":{"line":137,"column":17}}],"line":135},"37":{"loc":{"start":{"line":144,"column":16},"end":{"line":146,"column":17}},"type":"if","locations":[{"start":{"line":144,"column":16},"end":{"line":146,"column":17}},{"start":{"line":144,"column":16},"end":{"line":146,"column":17}}],"line":144},"38":{"loc":{"start":{"line":152,"column":8},"end":{"line":157,"column":9}},"type":"if","locations":[{"start":{"line":152,"column":8},"end":{"line":157,"column":9}},{"start":{"line":152,"column":8},"end":{"line":157,"column":9}}],"line":152},"39":{"loc":{"start":{"line":153,"column":19},"end":{"line":153,"column":85}},"type":"binary-expr","locations":[{"start":{"line":153,"column":19},"end":{"line":153,"column":47}},{"start":{"line":153,"column":51},"end":{"line":153,"column":85}}],"line":153},"40":{"loc":{"start":{"line":163,"column":8},"end":{"line":168,"column":9}},"type":"if","locations":[{"start":{"line":163,"column":8},"end":{"line":168,"column":9}},{"start":{"line":163,"column":8},"end":{"line":168,"column":9}}],"line":163},"41":{"loc":{"start":{"line":166,"column":13},"end":{"line":168,"column":9}},"type":"if","locations":[{"start":{"line":166,"column":13},"end":{"line":168,"column":9}},{"start":{"line":166,"column":13},"end":{"line":168,"column":9}}],"line":166},"42":{"loc":{"start":{"line":166,"column":17},"end":{"line":166,"column":94}},"type":"binary-expr","locations":[{"start":{"line":166,"column":17},"end":{"line":166,"column":53}},{"start":{"line":166,"column":57},"end":{"line":166,"column":94}}],"line":166},"43":{"loc":{"start":{"line":169,"column":15},"end":{"line":169,"column":127}},"type":"binary-expr","locations":[{"start":{"line":169,"column":15},"end":{"line":169,"column":74}},{"start":{"line":169,"column":78},"end":{"line":169,"column":127}}],"line":169},"44":{"loc":{"start":{"line":172,"column":8},"end":{"line":174,"column":9}},"type":"if","locations":[{"start":{"line":172,"column":8},"end":{"line":174,"column":9}},{"start":{"line":172,"column":8},"end":{"line":174,"column":9}}],"line":172},"45":{"loc":{"start":{"line":177,"column":19},"end":{"line":177,"column":67}},"type":"binary-expr","locations":[{"start":{"line":177,"column":19},"end":{"line":177,"column":38}},{"start":{"line":177,"column":42},"end":{"line":177,"column":67}}],"line":177},"46":{"loc":{"start":{"line":178,"column":12},"end":{"line":180,"column":13}},"type":"if","locations":[{"start":{"line":178,"column":12},"end":{"line":180,"column":13}},{"start":{"line":178,"column":12},"end":{"line":180,"column":13}}],"line":178},"47":{"loc":{"start":{"line":186,"column":8},"end":{"line":188,"column":9}},"type":"if","locations":[{"start":{"line":186,"column":8},"end":{"line":188,"column":9}},{"start":{"line":186,"column":8},"end":{"line
[...]
\n\t\t\t\t\tbreak;\n\t\t\t\t}\n\t\t\t}\n\t\t\treturn href;\n\t\t} else {\n\t\t\tif (Object.prototype.hasOwnProperty.call(trow, \"childNodes\")) {\n\t\t\t\tfor (let child of trow.childNodes) {\n\t\t\t\t\thref = this.getHref(child);\n\t\t\t\t\tif (href !== \"\") {\n\t\t\t\t\t\tbreak;\n\t\t\t\t\t}\n\t\t\t\t}\n\t\t\t}\n\t\t\treturn href;\n\t\t}\n\t}\n\n\tpublic static getShortName(trow: any): string {\n\t\tlet code = \"\";\n\t\tlet bool = false;\n\t\tif (trow.nodeName === \"td\") {\n\t\t\tfor (let attr of trow.attrs) {\n\t\t\t\tif (attr.name === \"class\") {\n\t\t\t\t\tbool = attr.value === \"views-field views-field-field-building-code\";\n\t\t\t\t\tbreak;\n\t\t\t\t}\n\t\t\t}\n\t\t}\n\t\tif (bool) {\n\t\t\tfor (let child of trow.childNodes) {\n\t\t\t\tif (child.nodeName === \"#text\") {\n\t\t\t\t\tcode = child.value.replace(/\\s+/g, \"\");\n\t\t\t\t\tbreak;\n\t\t\t\t}\n\t\t\t}\n\t\t\treturn code;\n\t\t} else {\n\t\t\tif (Object.prototype.hasOwnProperty.call(trow, \"childNodes\")) {\n\t\t\t\tfor (let child of trow.childNodes) {\n\t\t\t\t\tcode = this.getShortName(child);\n\t\t\t\t\tif (code !== \"\") {\n\t\t\t\t\t\tbreak;\n\t\t\t\t\t}\n\t\t\t\t}\n\t\t\t}\n\t\t\treturn code;\n\t\t}\n\t}\n\n\tpublic static getFullName(trow: any): string {\n\t\tlet name = \"\";\n\t\tlet bool = false;\n\t\tif (trow.nodeName === \"td\") {\n\t\t\tfor (let attr of trow.attrs) {\n\t\t\t\tif (attr.name === \"class\") {\n\t\t\t\t\tbool = attr.value === \"views-field views-field-title\";\n\t\t\t\t\tbreak;\n\t\t\t\t}\n\t\t\t}\n\t\t}\n\t\tif (bool) {\n\t\t\tfor (let child of trow.childNodes) {\n\t\t\t\tif (child.nodeName === \"a\") {\n\t\t\t\t\tfor (let aChild of child.childNodes) {\n\t\t\t\t\t\tif (aChild.nodeName === \"#text\") {\n\t\t\t\t\t\t\tname = aChild.value;\n\t\t\t\t\t\t\tbreak;\n\t\t\t\t\t\t}\n\t\t\t\t\t}\n\t\t\t\t\tbreak;\n\t\t\t\t}\n\t\t\t}\n\t\t\treturn name;\n\t\t} else {\n\t\t\tif (Object.prototype.hasOwnProperty.call(trow, \"childNodes\")) {\n\t\t\t\tfor (let child of trow.childNodes) {\n\t\t\t\t\tname = this.getFullName(child);\n\t\t\t\t\tif (name !== \"\") {\n\t\t\t\t\t\tbreak;\n\t\t\t\t\t}\n\t\t\t\t}\n\t\t\t}\n\t\t\treturn name;\n\t\t}\n\t}\n\n\tpublic static getAddy(trow: any): string {\n\t\tlet addy = \"\";\n\t\tlet bool = false;\n\t\tif (trow.nodeName === \"td\") {\n\t\t\tfor (let attr of trow.attrs) {\n\t\t\t\tif (attr.name === \"class\") {\n\t\t\t\t\tbool = attr.value === \"views-field views-field-field-building-address\";\n\t\t\t\t\tbreak;\n\t\t\t\t}\n\t\t\t}\n\t\t}\n\t\tif (bool) {\n\t\t\tfor (let child of trow.childNodes) {\n\t\t\t\tif (child.nodeName === \"#text\") {\n\t\t\t\t\taddy = child.value.replace(/\\s+/g, \" \").trim();\n\t\t\t\t\tbreak;\n\t\t\t\t}\n\t\t\t}\n\t\t\treturn addy;\n\t\t} else {\n\t\t\tif (Object.prototype.hasOwnProperty.call(trow, \"childNodes\")) {\n\t\t\t\tfor (let child of trow.childNodes) {\n\t\t\t\t\taddy = this.getAddy(child);\n\t\t\t\t\tif (addy !== \"\") {\n\t\t\t\t\t\tbreak;\n\t\t\t\t\t}\n\t\t\t\t}\n\t\t\t}\n\t\t\treturn addy;\n\t\t}\n\t}\n\n\tpublic static async getParsedRoomDocument(href: string, zip: JSZip) {\n\t\tconst ref = \"rooms\" + href.substring(1);\n\t\tlet roomHTML = zip.file(ref);\n\t\tlet roomDocument;\n\t\ttry {\n\t\t\tif (roomHTML !== null) {\n\t\t\t\tconst stringHTML = await roomHTML.async(\"string\");\n\t\t\t\troomDocument = parser.parse(stringHTML);\n\t\t\t}\n\t\t} catch {\n\t\t\treturn Promise.reject(new InsightError(\"unable to parse room, not in HTML format\"));\n\t\t}\n\t\treturn roomDocument;\n\t}\n\n\tpublic static getRoomNumber(trowRoom: any): string {\n\t\tlet roomNumber = HTMLParser.validRoom;\n\t\tlet bool = false;\n\t\tif (trowRoom.nodeName === \"td\") {\n\t\t\tfor (let attr of trowRoom.attrs) {\n\t\t\t\tif (attr.name === \"class\") {\n\t\t\t\t\tbool = attr.value === \"views-field views-field-field-room-number\";\n\t\t\t\t\tbreak;\n\t\t\t\t}\n\t\t\t}\n\t\t}\n\t\tif (bool) {\n\t\t\tfor (let child of trowRoom.childNodes) {\n\t\t\t\tif (child.nodeName === \"a\") {\n\t\t\t\t\tfor (let aChild of child.childNodes) {\n\t\t\t\t\t\tif (aChild.nodeName === \"#text\") {\n\t\t\t\t\t\t\troomNumber = aChild.value;\n\t\t\t\t\t\t\tbreak;\n\t\t\t\t\t\t}\n\t\t\t\t\t}\n\t\t\t\t\tbreak;\n\t\t\t\t}\n\t\t\t}\n\t\t\treturn roomNumber;\n\t\t} else {\n\t\t\tif (Object.prototype.hasOwnProperty.call(trowRoom, \"childNodes\")) {\n\t\t\t\tfor (let child of trowRoom.childNodes) {\n\t\t\t\t\troomNumber = this.getRoomNumber(child);\n\t\t\t\t\tif (roomNumber !== HTMLParser.validRoom) {\n\t\t\t\t\t\tbreak;\n\t\t\t\t\t}\n\t\t\t\t}\n\t\t\t}\n\t\t\treturn roomNumber;\n\t\t}\n\t}\n\n\tpublic static getCapacity(trowRoom: any): number {\n\t\tlet capacity = -1;\n\t\tlet bool = false;\n\t\tif (trowRoom.nodeName === \"td\") {\n\t\t\tfor (let attr of trowRoom.attrs) {\n\t\t\t\tif (attr.name === \"class\") {\n\t\t\t\t\tbool = attr.value === \"views-field views-field-field-room-capacity\";\n\t\t\t\t\tbreak;\n\t\t\t\t}\n\t\t\t}\n\t\t}\n\t\tif (bool) {\n\t\t\tfor (let child of trowRoom.childNodes) {\n\t\t\t\tif (child.nodeName === \"#text\") {\n\t\t\t\t\tcapacity = child.value.replace(/\\s+/g, \"\");\n\t\t\t\t\tbreak;\n\t\t\t\t}\n\t\t\t}\n\t\t\treturn capacity;\n\t\t} else {\n\t\t\tif (Object.prototype.hasOwnProperty.call(trowRoom, \"childNodes\")) {\n\t\t\t\tfor (let child of trowRoom.childNodes) {\n\t\t\t\t\tcapacity = this.getCapacity(child);\n\t\t\t\t\tif (capacity !== -1) {\n\t\t\t\t\t\tbreak;\n\t\t\t\t\t}\n\t\t\t\t}\n\t\t\t}\n\t\t\treturn capacity;\n\t\t}\n\t}\n\n\tpublic static getRoomType(trowRoom: any): string {\n\t\tlet type = \"\";\n\t\tlet bool = false;\n\t\tif (trowRoom.nodeName === \"td\") {\n\t\t\tfor (let attr of trowRoom.attrs) {\n\t\t\t\tif (attr.name === \"class\") {\n\t\t\t\t\tbool = attr.value === \"views-field views-field-field-room-type\";\n\t\t\t\t\tbreak;\n\t\t\t\t}\n\t\t\t}\n\t\t}\n\t\tif (bool) {\n\t\t\tfor (let child of trowRoom.childNodes) {\n\t\t\t\tif (child.nodeName === \"#text\") {\n\t\t\t\t\ttype = child.value.replace(/\\s+/g, \"\");\n\t\t\t\t\tbreak;\n\t\t\t\t}\n\t\t\t}\n\t\t\treturn type;\n\t\t} else {\n\t\t\tif (Object.prototype.hasOwnProperty.call(trowRoom, \"childNodes\")) {\n\t\t\t\tfor (let child of trowRoom.childNodes) {\n\t\t\t\t\ttype = this.getRoomType(child);\n\t\t\t\t\tif (type !== \"\") {\n\t\t\t\t\t\tbreak;\n\t\t\t\t\t}\n\t\t\t\t}\n\t\t\t}\n\t\t\treturn type;\n\t\t}\n\t}\n\n\tpublic static getFurnitureType(trowRoom: any): string {\n\t\tlet type = \"\";\n\t\tlet bool = false;\n\t\tif (trowRoom.nodeName === \"td\") {\n\t\t\tfor (let attr of trowRoom.attrs) {\n\t\t\t\tif (attr.name === \"class\") {\n\t\t\t\t\tbool = attr.value === \"views-field views-field-field-room-furniture\";\n\t\t\t\t\tbreak;\n\t\t\t\t}\n\t\t\t}\n\t\t}\n\t\tif (bool) {\n\t\t\tfor (let child of trowRoom.childNodes) {\n\t\t\t\tif (child.nodeName === \"#text\") {\n\t\t\t\t\ttype = child.value.replace(/\\s+/g, \"\");\n\t\t\t\t\tbreak;\n\t\t\t\t}\n\t\t\t}\n\t\t\treturn type;\n\t\t} else {\n\t\t\tif (Object.prototype.hasOwnProperty.call(trowRoom, \"childNodes\")) {\n\t\t\t\tfor (let child of trowRoom.childNodes) {\n\t\t\t\t\ttype = this.getFurnitureType(child);\n\t\t\t\t\tif (type !== \"\") {\n\t\t\t\t\t\tbreak;\n\t\t\t\t\t}\n\t\t\t\t}\n\t\t\t}\n\t\t\treturn type;\n\t\t}\n\t}\n\n\tpublic static async getLocation(trowRoom: any, buildingAddy: string): Promise<{[key: string]: number}> {\n\t\tconst link = GetLocationHelper.getHTML(buildingAddy);\n\t\treturn new Promise((resolve, reject) => {\n\t\t\thttp.get(link, (response) => {\n\t\t\t\tlet data = \"\";\n\t\t\t\tresponse.setEncoding(\"utf8\");\n\t\t\t\tresponse.on(\"data\", (chunk) => {\n\t\t\t\t\tdata += chunk;\n\t\t\t\t});\n\t\t\t\tresponse.on(\"end\", () => {\n\t\t\t\t\tconst ret = GetLocationHelper.getLongLat(JSON.parse(data));\n\t\t\t\t\tresolve(ret);\n\t\t\t\t});\n\t\t\t}).on(\"error\", (err) => {\n\t\t\t\treject(new InsightError(\"Error get Request: \" + err.message)); // todo on error, why does it fail?\n\t\t\t});\n\t\t});\n\t}\n}\n"]},"_coverageSchema":"1a1c01bbd47fc00a2c39e90264f33305004495a9","hash":"131e8f894d856cdedd924b4310fda8a6eb7d5528","contentHash":"493155a49b3d353d019e82e18325b54c898603ae1a748d2171c2241466bac4f7"},"/Users/johnhbuckets/project_team556/src/controller/GetLocationHelper.ts":{"path":"/Users/johnhbuckets/project_team556/src/controller/GetLocationHelper.ts","statementMap":{"0":{"start":{"line":2,"column":22},"end":{"line":4,"column":1}},"1":{"start":{"line":3,"column":4},"end":{"line":3,"column":62}},"2":{"start":{"line":5,"column":0},"end":{"line":5,"column":62}},"3":{"start":{"line":6,"column":27},"end":{"line":6,"column":73}},"4":{"start":{"line":9,"column":28},"end":{"line":9,"column":51}},"5":{"start":{"line":10,"column":21},"end":{"line":10,"column":65}},"6":{"start":{"line":11,"column":8},"end":{"line":11,"column":20}},"7":{"start":{"line":14,"column":8},"end":{"line":26,"column":9}},"8":{"start":{"line":16,"column":25},"end":{"line":19,"column":13}},"9":{"start":{"line":20,"column":12},"end":{"line":20,"column":26}},"10":{"start":{"line":23,"column":12},"end":{"line":25,"column":14}},"11":{"start":{"line":29,"column":0},"end":{"line":29,"column":36}}},"fnMap":{"0":{"name":"(anonymous_0)","decl":{"start":{"line":2,"column":56},"end":{"line":2,"column":57}},"loc":{"start":{"line":2,"column":71},"end":{"line":4,"column":1}},"line":2},"1":{"name":"(anonymous_1)","decl":{"start":{"line":8,"column":4},"end":{"line":8,"column":5}},"loc":{"start":{"line":8,"column":33},"end":{"line":12,"column":5}},"line":8},"2":{"name":"(anonymous_2)","decl":{"start":{"line":13,"column":4},"end":{"line":13,"column":5}},"loc":{"start":{"line":13,"column":29},"end":{"line":27,"column":5}},"line":13}},"branchMap":{"0":{"loc":{"start":{"line":2,"column":22},"end":{"line":4,"column":1}},"type":"binary-expr","locations":[{"start":{"line":2,"column":23},"end":{"line":2,"column":27}},{"start":{"line":2,"column":31},"end":{"line":2,"column":51}},{"start":{"line":2,"column":56},"end":{"line":4,"column":1}}],"line":2},"1":{"loc":{"start":{"line":3,"column":11},"end":{"line":3,"column":61}},"type":"cond-expr","locations":[{"start":{"line":3,"column":37},"end":{"line":3,"column":40}},{"start":{"line":3,"column":43},"end":{"line":3,"column":61}}],"line":3},"2":{"loc":{"start":{"line":3,"column":12},"end":{"line":3,"column":33}},"type":"binary-expr","locations":[{"start":{"line":3,"column":12},"end":{"line":3,"column":15}},{"start":{"line":3,"column":19},"end":{"line":3,"column":33}}],"line":3},"3":{"loc":{"start":{"line":14,"column":8},"end":{"line":26,"column":9}},"type":"if","locations":[{"start":{"line":14,"column":8},"end":{"line":26,"column":9}},{"start":{"line":14,"column":8},"end":{"line":26,"column":9}}],"line":14},"4":{"loc":{"start":{"line":14,"column":12},"end":{"line":15,"column":62}},"type":"binary-expr","locations":[{"start":{"line":14,"column":12},"end":{"line":14,"column":62}},{"start":{"line":15,"column":12},"end":{"line":15,"column":62}}],"line":14}},"s":{"0":1,"1":1,"2":1,"3":1,"4":2184,"5":2184,"6":2184,"7":2179,"8":2179,"9":2179,"10":0,"11":1},"f":{"0":1,"1":2184,"2":2179},"b":{"0":[1,1,1],"1":[1,0],"2":[1,1],"3":[2179,0],"4":[2179,2179]},"inputSourceMap":{"version":3,"file":"/Users/johnhbuckets/project_team556/src/controller/GetLocationHelper.ts","sources":["/Users/johnhbuckets/project_team556/src/controller/GetLocationHelper.ts"],"names":[],"mappings":";;;;;AAAA,0EAAkD;AAElD,MAAqB,iBAAiB;IAC9B,MAAM,CAAC,OAAO,CAAC,YAAoB;QACzC,MAAM,WAAW,GAAG,SAAS,CAAC,YAAY,CAAC,CAAC;QAC5C,MAAM,IAAI,GAAG,0BAAgB,CAAC,GAAG,GAAG,WAAW,CAAC;QAChD,OAAO,IAAI,CAAC;IACb,CAAC;IAEM,MAAM,CAAC,UAAU,CAAC,KAAU;QAClC,IAAI,MAAM,CAAC,SAAS,CAAC,cAAc,CAAC,IAAI,CAAC,KAAK,EAAE,KAAK,CAAC;YACrD,MAAM,CAAC,SAAS,CAAC,cAAc,CAAC,IAAI,CAAC,KAAK,EAAE,KAAK,CAAC,EAAE;YACpD,IAAI,MAAM,GAA4B;gBACrC,QAAQ,EAAE,KAAK,CAAC,GAAa;gBAC7B,SAAS,EAAE,KAAK,CAAC,GAAa;aAC9B,CAAC;YACF,OAAO,MAAM,CAAC;SACd;aAAM;YACN,OAAO;gBACN,KAAK,EAAE,CAAC;aACR,CAAC;SACF;IACF,CAAC;CACD;AArBD,oCAqBC","sourcesContent":["import HTMLParserHelper from \"./HTMLParserHelper\";\n\nexport default class GetLocationHelper {\n\tpublic static getHTML(buildingAddy: string) {\n\t\tconst encodedAddy = encodeURI(buildingAddy);\n\t\tconst link = HTMLParserHelper.url + encodedAddy;\n\t\treturn link;\n\t}\n\n\tpublic static getLongLat(parse: any) {\n\t\tif (Object.prototype.hasOwnProperty.call(parse, \"lat\") &&\n\t\t\tObject.prototype.hasOwnProperty.call(parse, \"lon\")) {\n\t\t\tlet result: {[key: string]: number} = {\n\t\t\t\tlatitude: parse.lat as number,\n\t\t\t\tlongitude: parse.lon as number\n\t\t\t};\n\t\t\treturn result;\n\t\t} else {\n\t\t\treturn {\n\t\t\t\terror: 0\n\t\t\t};\n\t\t}\n\t}\n}\n"]},"_coverageSchema":"1a1c01bbd47fc00a2c39e90264f33305004495a9","hash":"9d3be6cc20fab20bf9e1e72f668292215ed101e1","contentHash":"8dd7fdaa88c8e3d2e71eb91959cb8d18edac297f42f3f7553a69575886c67f90"},"/Users/johnhbuckets/project_team556/src/controller/CourseFileParser.ts":{"path":"/Users/johnhbuckets/project_team556/src/controller/CourseFileParser.ts","statementMap":{"0":{"start":{"line":2,"column":0},"end":{"line":2,"column":62}},"1":{"start":{"line":4,"column":16},"end":{"line":4,"column":105}},"2":{"start":{"line":5,"column":4},"end":{"line":5,"column":83}},"3":{"start":{"line":5,"column":31},"end":{"line":5,"column":81}},"4":{"start":{"line":9,"column":27},"end":{"line":9,"column":29}},"5":{"start":{"line":10,"column":8},"end":{"line":40,"column":11}},"6":{"start":{"line":11,"column":12},"end":{"line":39,"column":13}},"7":{"start":{"line":12,"column":33},"end":{"line":12,"column":50}},"8":{"start":{"line":13,"column":16},"end":{"line":35,"column":17}},"9":{"start":{"line":14,"column":35},"end":{"line":14,"column":55}},"10":{"start":{"line":15,"column":20},"end":{"line":34,"column":23}},"11":{"start":{"line":16,"column":24},"end":{"line":33,"column":25}},"12":{"start":{"line":17,"column":47},"end":{"line":28,"column":29}},"13":{"start":{"line":29,"column":28},"end":{"line":31,"column":29}},"14":{"start":{"line":30,"column":32},"end":{"line":30,"column":55}},"15":{"start":{"line":32,"column":28},"end":{"line":32,"column":58}},"16":{"start":{"line":38,"column":16},"end":{"line":38,"column":70}},"17":{"start":{"line":41,"column":8},"end":{"line":41,"column":28}},"18":{"start":{"line":44,"column":0},"end":{"line":44,"column":35}}},"fnMap":{"0":{"name":"hasAllAttributes","decl":{"start":{"line":3,"column":9},"end":{"line":3,"column":25}},"loc":{"start":{"line":3,"column":34},"end":{"line":6,"column":1}},"line":3},"1":{"name":"(anonymous_1)","decl":{"start":{"line":5,"column":21},"end":{"line":5,"column":22}},"loc":{"start":{"line":5,"column":31},"end":{"line":5,"column":81}},"line":5},"2":{"name":"(anonymous_2)","decl":{"start":{"line":8,"column":4},"end":{"line":8,"column":5}},"loc":{"start":{"line":8,"column":38},"end":{"line":42,"column":5}},"line":8},"3":{"name":"(anonymous_3)","decl":{"start":{"line":10,"column":26},"end":{"line":10,"column":27}},"loc":{"start":{"line":10,"column":43},"end":{"line":40,"column":9}},"line":10},"4":{"name":"(anonymous_4)","decl":{"start":{"line":15,"column":37},"end":{"line":15,"column":38}},"loc":{"start":{"line":15,"column":50},"end":{"line":34,"column":21}},"line":15}},"branchMap":{"0":{"loc":{"start":{"line":13,"column":16},"end":{"line":35,"column":17}},"type":"if","locations":[{"start":{"line":13,"column":16},"end":{"line":35,"column":17}},{"start":{"line":13,"column":16},"end":{"line":35,"column":17}}],"line":13},"1":{"loc":{"start":{"line":13,"column":20},"end":{"line":13,"column":113}},"type":"binary-expr","locations":[{"start":{"line":13,"column":20},"end":{"line":13,"column":78}},{"start":{"line":13,"column":82},"end":{"line":13,"column":113}}],"line":13},"2":{"loc":{"start":{"line":16,"column":24},"end":{"line":33,"column":25}},"type":"if","locations":[{"start":{"line":16,"column":24},"end":{"line":33,"column":25}},{"start":{"line":16,"column":24},"end":{"line":33,"column":25}}],"line":16},"3":{"loc":{"start":{"line":29,"column":28},"end":{"line":31,"column":29}},"type":"if","locations":[{"start":{"line":29,"column":28},"end":{"line":31,"column":29}},{"start":{"line":29,"column":28},"end":{"line":31,"column":29}}],"line":29}},"s":{"0":1,"1":1292303,"2":1292303,"3":12923030,"4":38,"5":38,"6":118979,"7":118979,"8":118943,"9":71799,"10":71799,"11":1292303,"12":1292303,"13":1292303,"14":492449,"15":1292303,"16":36,"17":38,"18":1},"f":{"0":1292303,"1":12923030,"2":38,"3":118979,"4":1292303},"b":{"0":[71799,47144],"1":[118943,118943],"2":[1292303,0],"3":[492449,799854]},"inputSourceMap":{"version":3,"file":"/Users/johnhbuckets/project_team556/src/controller/CourseFileParser.ts","sources":["/Users/johnhbuckets/project_team556/src/controller/CourseFileParser.ts"],"names":[],"mappings":";;AAGA,SAAS,gBAAgB,CAAC,MAAc;IACvC,MAAM,GAAG,GAAG,CAAC,SAAS,EAAE,QAAQ,EAAE,KAAK,EAAE,WAAW,EAAE,OAAO,EAAE,MAAM,EAAE,MAAM,EAAE,OAAO,EAAE,IAAI,EAAE,MAAM,CAAC,CAAC;IACtG,OAAO,GAAG,CAAC,KAAK,CAAC,CAAC,IAAI,EAAE,EAAE,CAAC,MAAM,CAAC,SAAS,CAAC,cAAc,CAAC,IAAI,CAAC,MAAM,EAAE,IAAI,CAAC,CAAC,CAAC;AAChF,CAAC;AAED,MAAqB,gBAAgB;IAC7B,MAAM,CAAC,eAAe,CAAC,SAAmB;QAChD,IAAI,YAAY,GAAc,EAAE,CAAC;QACjC,SAAS,CAAC,OAAO,CAAC,UAAU,KAAK;YAChC,IAAI;gBACH,IAAI,UAAU,GAAG,IAAI,CAAC,KAAK,CAAC,KAAK,CAAC,CAAC;gBACnC,IAAI,MAAM,CAAC,SAAS,CAAC,cAAc,CAAC,IAAI,CAAC,UAAU,EAAE,QAAQ,CAAC,IAAI,UAAU,CAAC,QAAQ,CAAC,CAAC,MAAM,GAAG,CAAC,EAAE;oBAClG,IAAI,QAAQ,GAAiB,UAAU,CAAC,QAAQ,CAAC,CAAC;oBAClD,QAAQ,CAAC,OAAO,CAAC,CAAC,OAAO,EAAE,EAAE;wBAC5B,IAAI,gBAAgB,CAAC,OAAO,CAAC,EAAE;4BAC9B,MAAM,UAAU,GAAY;gCAC3B,IAAI,EAAE,OAAO,CAAC,OAAO;gCACrB,EAAE,EAAE,OAAO,CAAC,MAAM;gCAClB,GAAG,EAAE,OAAO,CAAC,GAAG;gCAChB,UAAU,EAAE,OAAO,CAAC,SAAS;gCAC7B,KAAK,EAAE,OAAO,CAAC,KAAK;gCACpB,IAAI,EAAE,OAAO,CAAC,IAAI;gCAClB,IAAI,EAAE,OAAO,CAAC,IAAI;gCAClB,KAAK,EAAE,OAAO,CAAC,KAAK;gCACpB,IAAI,EAAE,OAAO,CAAC,EAAE,CAAC,QAAQ,EAAE;gCAC3B,IAAI,EAAE,CAAC,OAAO,CAAC,IAAI;6BACnB,CAAC;4BACF,IAAI,OAAO,CAAC,OAAO,KAAK,SAAS,EAAE;gCAClC,UAAU,CAAC,IAAI,GAAG,IAAI,CAAC;6BACvB;4BACD,YAAY,CAAC,IAAI,CAAC,UAAU,CAAC,CAAC;yBAC9B;oBACF,CAAC,CAAC,CAAC;iBACH;aACD;YAAC,MAAM;gBACP,OAAO,CAAC,GAAG,CAAC,wCAAwC,CAAC,CAAC;aACtD;QACF,CAAC,CAAC,CAAC;QACH,OAAO,YAAY,CAAC;IACrB,CAAC;CACD;AAnCD,mCAmCC","sourcesContent":["import {Section} from \"./Section\";\nimport {SectionRaw} from \"./SectionRaw\";\n\nfunction hasAllAttributes(course: object): boolean {\n\tconst arr = [\"Subject\", \"Course\", \"Avg\", \"Professor\", \"Title\", \"Pass\", \"Fail\", \"Audit\", \"id\", \"Year\"];\n\treturn arr.every((item) => Object.prototype.hasOwnProperty.call(course, item));\n}\n\nexport default class CourseFileParser {\n\tpublic static parseToSections(fileArray: string[]): Section[] {\n\t\tlet sectionArray: Section[] = [];\n\t\tfileArray.forEach(function (file_) {\n\t\t\ttry {\n\t\t\t\tlet fileObject = JSON.parse(file_);\n\t\t\t\tif (Object.prototype.hasOwnProperty.call(fileObject, \"result\") && fileObject[\"result\"].length > 0) {\n\t\t\t\t\tlet sections: SectionRaw[] = fileObject[\"result\"];\n\t\t\t\t\tsections.forEach((section) => {\n\t\t\t\t\t\tif (hasAllAttributes(section)) {\n\t\t\t\t\t\t\tconst newSection: Section = {\n\t\t\t\t\t\t\t\tdept: section.Subject,\n\t\t\t\t\t\t\t\tid: section.Course,\n\t\t\t\t\t\t\t\tavg: section.Avg,\n\t\t\t\t\t\t\t\tinstructor: section.Professor,\n\t\t\t\t\t\t\t\ttitle: section.Title,\n\t\t\t\t\t\t\t\tpass: section.Pass,\n\t\t\t\t\t\t\t\tfail: section.Fail,\n\t\t\t\t\t\t\t\taudit: section.Audit,\n\t\t\t\t\t\t\t\tuuid: section.id.toString(),\n\t\t\t\t\t\t\t\tyear: +section.Year\n\t\t\t\t\t\t\t};\n\t\t\t\t\t\t\tif (section.Section === \"overall\") {\n\t\t\t\t\t\t\t\tnewSection.year = 1900;\n\t\t\t\t\t\t\t}\n\t\t\t\t\t\t\tsectionArray.push(newSection);\n\t\t\t\t\t\t}\n\t\t\t\t\t});\n\t\t\t\t}\n\t\t\t} catch {\n\t\t\t\tconsole.log(\"skipped, file cannot be parsed as json\");\n\t\t\t}\n\t\t});\n\t\treturn sectionArray;\n\t}\n}\n"]},"_coverageSchema":"1a1c01bbd47fc00a2c39e90264f33305004495a9","hash":"afe49758c32c2d37c7cbaef1f0a5fb78f0d107c5","contentHash":"5510570e7d7d9051856fea301bf9039182bda4018d17890d7d0f7d569e74b834"}}